[0.141s] DEBUG:colcon:Command line arguments: ['/usr/bin/colcon', 'build']
[0.142s] DEBUG:colcon:Parsed command line arguments: Namespace(log_base=None, log_level=None, verb_name='build', build_base='build', install_base='install', merge_install=False, symlink_install=False, test_result_base=None, continue_on_error=False, executor='parallel', parallel_workers=5, event_handlers=None, ignore_user_meta=False, metas=['./colcon.meta'], base_paths=['.'], packages_ignore=None, packages_ignore_regex=None, paths=None, packages_up_to=None, packages_up_to_regex=None, packages_above=None, packages_above_and_dependencies=None, packages_above_depth=None, packages_select_by_dep=None, packages_skip_by_dep=None, packages_skip_up_to=None, packages_select_build_failed=False, packages_skip_build_finished=False, packages_select_test_failures=False, packages_skip_test_passed=False, packages_select=None, packages_skip=None, packages_select_regex=None, packages_skip_regex=None, packages_start=None, packages_end=None, allow_overriding=[], cmake_args=None, cmake_target=None, cmake_target_skip_unavailable=False, cmake_clean_cache=False, cmake_clean_first=False, cmake_force_configure=False, ament_cmake_args=None, catkin_cmake_args=None, catkin_skip_building_tests=False, verb_parser=<colcon_defaults.argument_parser.defaults.DefaultArgumentsDecorator object at 0x71eafdb346a0>, verb_extension=<colcon_core.verb.build.BuildVerb object at 0x71eafdb34250>, main=<bound method BuildVerb.main of <colcon_core.verb.build.BuildVerb object at 0x71eafdb34250>>)
[0.344s] Level 1:colcon.colcon_core.package_discovery:discover_packages(colcon_meta) check parameters
[0.344s] Level 1:colcon.colcon_core.package_discovery:discover_packages(recursive) check parameters
[0.344s] Level 1:colcon.colcon_core.package_discovery:discover_packages(ignore) check parameters
[0.344s] Level 1:colcon.colcon_core.package_discovery:discover_packages(path) check parameters
[0.344s] Level 1:colcon.colcon_core.package_discovery:discover_packages(colcon_meta) discover
[0.344s] Level 1:colcon.colcon_core.package_discovery:discover_packages(recursive) discover
[0.344s] INFO:colcon.colcon_core.package_discovery:Crawling recursively for packages in '/home/vboxuser/Desktop/robot'
[0.344s] Level 1:colcon.colcon_core.package_identification:_identify(.) by extensions ['ignore', 'ignore_ament_install']
[0.344s] Level 1:colcon.colcon_core.package_identification:_identify(.) by extension 'ignore'
[0.344s] Level 1:colcon.colcon_core.package_identification:_identify(.) by extension 'ignore_ament_install'
[0.344s] Level 1:colcon.colcon_core.package_identification:_identify(.) by extensions ['colcon_pkg']
[0.344s] Level 1:colcon.colcon_core.package_identification:_identify(.) by extension 'colcon_pkg'
[0.345s] Level 1:colcon.colcon_core.package_identification:_identify(.) by extensions ['colcon_meta']
[0.345s] Level 1:colcon.colcon_core.package_identification:_identify(.) by extension 'colcon_meta'
[0.345s] Level 1:colcon.colcon_core.package_identification:_identify(.) by extensions ['ros']
[0.345s] Level 1:colcon.colcon_core.package_identification:_identify(.) by extension 'ros'
[0.363s] Level 1:colcon.colcon_core.package_identification:_identify(.) by extensions ['cmake', 'python']
[0.364s] Level 1:colcon.colcon_core.package_identification:_identify(.) by extension 'cmake'
[0.364s] Level 1:colcon.colcon_core.package_identification:_identify(.) by extension 'python'
[0.364s] Level 1:colcon.colcon_core.package_identification:_identify(.) by extensions ['python_setup_py']
[0.364s] Level 1:colcon.colcon_core.package_identification:_identify(.) by extension 'python_setup_py'
[0.364s] Level 1:colcon.colcon_core.package_identification:_identify(build) by extensions ['ignore', 'ignore_ament_install']
[0.364s] Level 1:colcon.colcon_core.package_identification:_identify(build) by extension 'ignore'
[0.364s] Level 1:colcon.colcon_core.package_identification:_identify(build) ignored
[0.364s] Level 1:colcon.colcon_core.package_identification:_identify(install) by extensions ['ignore', 'ignore_ament_install']
[0.364s] Level 1:colcon.colcon_core.package_identification:_identify(install) by extension 'ignore'
[0.364s] Level 1:colcon.colcon_core.package_identification:_identify(install) ignored
[0.365s] Level 1:colcon.colcon_core.package_identification:_identify(log) by extensions ['ignore', 'ignore_ament_install']
[0.365s] Level 1:colcon.colcon_core.package_identification:_identify(log) by extension 'ignore'
[0.365s] Level 1:colcon.colcon_core.package_identification:_identify(log) ignored
[0.365s] Level 1:colcon.colcon_core.package_identification:_identify(src) by extensions ['ignore', 'ignore_ament_install']
[0.365s] Level 1:colcon.colcon_core.package_identification:_identify(src) by extension 'ignore'
[0.365s] Level 1:colcon.colcon_core.package_identification:_identify(src) by extension 'ignore_ament_install'
[0.365s] Level 1:colcon.colcon_core.package_identification:_identify(src) by extensions ['colcon_pkg']
[0.365s] Level 1:colcon.colcon_core.package_identification:_identify(src) by extension 'colcon_pkg'
[0.365s] Level 1:colcon.colcon_core.package_identification:_identify(src) by extensions ['colcon_meta']
[0.365s] Level 1:colcon.colcon_core.package_identification:_identify(src) by extension 'colcon_meta'
[0.365s] Level 1:colcon.colcon_core.package_identification:_identify(src) by extensions ['ros']
[0.365s] Level 1:colcon.colcon_core.package_identification:_identify(src) by extension 'ros'
[0.365s] Level 1:colcon.colcon_core.package_identification:_identify(src) by extensions ['cmake', 'python']
[0.365s] Level 1:colcon.colcon_core.package_identification:_identify(src) by extension 'cmake'
[0.365s] Level 1:colcon.colcon_core.package_identification:_identify(src) by extension 'python'
[0.365s] Level 1:colcon.colcon_core.package_identification:_identify(src) by extensions ['python_setup_py']
[0.365s] Level 1:colcon.colcon_core.package_identification:_identify(src) by extension 'python_setup_py'
[0.365s] Level 1:colcon.colcon_core.package_identification:_identify(src/control_robot) by extensions ['ignore', 'ignore_ament_install']
[0.366s] Level 1:colcon.colcon_core.package_identification:_identify(src/control_robot) by extension 'ignore'
[0.366s] Level 1:colcon.colcon_core.package_identification:_identify(src/control_robot) by extension 'ignore_ament_install'
[0.366s] Level 1:colcon.colcon_core.package_identification:_identify(src/control_robot) by extensions ['colcon_pkg']
[0.366s] Level 1:colcon.colcon_core.package_identification:_identify(src/control_robot) by extension 'colcon_pkg'
[0.366s] Level 1:colcon.colcon_core.package_identification:_identify(src/control_robot) by extensions ['colcon_meta']
[0.366s] Level 1:colcon.colcon_core.package_identification:_identify(src/control_robot) by extension 'colcon_meta'
[0.366s] Level 1:colcon.colcon_core.package_identification:_identify(src/control_robot) by extensions ['ros']
[0.366s] Level 1:colcon.colcon_core.package_identification:_identify(src/control_robot) by extension 'ros'
[0.385s] DEBUG:colcon.colcon_core.package_identification:Package 'src/control_robot' with type 'ros.ament_python' and name 'control_robot'
[0.385s] Level 1:colcon.colcon_core.package_identification:_identify(src/two_wheeled_robot) by extensions ['ignore', 'ignore_ament_install']
[0.385s] Level 1:colcon.colcon_core.package_identification:_identify(src/two_wheeled_robot) by extension 'ignore'
[0.385s] Level 1:colcon.colcon_core.package_identification:_identify(src/two_wheeled_robot) by extension 'ignore_ament_install'
[0.385s] Level 1:colcon.colcon_core.package_identification:_identify(src/two_wheeled_robot) by extensions ['colcon_pkg']
[0.385s] Level 1:colcon.colcon_core.package_identification:_identify(src/two_wheeled_robot) by extension 'colcon_pkg'
[0.385s] Level 1:colcon.colcon_core.package_identification:_identify(src/two_wheeled_robot) by extensions ['colcon_meta']
[0.386s] Level 1:colcon.colcon_core.package_identification:_identify(src/two_wheeled_robot) by extension 'colcon_meta'
[0.386s] Level 1:colcon.colcon_core.package_identification:_identify(src/two_wheeled_robot) by extensions ['ros']
[0.386s] Level 1:colcon.colcon_core.package_identification:_identify(src/two_wheeled_robot) by extension 'ros'
[0.389s] DEBUG:colcon.colcon_core.package_identification:Package 'src/two_wheeled_robot' with type 'ros.ament_cmake' and name 'two_wheeled_robot'
[0.389s] Level 1:colcon.colcon_core.package_discovery:discover_packages(recursive) using defaults
[0.389s] Level 1:colcon.colcon_core.package_discovery:discover_packages(ignore) discover
[0.389s] Level 1:colcon.colcon_core.package_discovery:discover_packages(ignore) using defaults
[0.389s] Level 1:colcon.colcon_core.package_discovery:discover_packages(path) discover
[0.389s] Level 1:colcon.colcon_core.package_discovery:discover_packages(path) using defaults
[0.417s] Level 1:colcon.colcon_core.package_discovery:discover_packages(prefix_path) check parameters
[0.417s] Level 1:colcon.colcon_core.package_discovery:discover_packages(prefix_path) discover
[0.423s] DEBUG:colcon.colcon_installed_package_information.package_discovery:Found 2 installed packages in /home/vboxuser/Desktop/robot/install
[0.426s] DEBUG:colcon.colcon_installed_package_information.package_discovery:Found 315 installed packages in /opt/ros/humble
[0.444s] Level 1:colcon.colcon_core.package_discovery:discover_packages(prefix_path) using defaults
[0.585s] Level 5:colcon.colcon_core.verb:set package 'control_robot' build argument 'cmake_args' from command line to 'None'
[0.586s] Level 5:colcon.colcon_core.verb:set package 'control_robot' build argument 'cmake_target' from command line to 'None'
[0.586s] Level 5:colcon.colcon_core.verb:set package 'control_robot' build argument 'cmake_target_skip_unavailable' from command line to 'False'
[0.586s] Level 5:colcon.colcon_core.verb:set package 'control_robot' build argument 'cmake_clean_cache' from command line to 'False'
[0.586s] Level 5:colcon.colcon_core.verb:set package 'control_robot' build argument 'cmake_clean_first' from command line to 'False'
[0.586s] Level 5:colcon.colcon_core.verb:set package 'control_robot' build argument 'cmake_force_configure' from command line to 'False'
[0.586s] Level 5:colcon.colcon_core.verb:set package 'control_robot' build argument 'ament_cmake_args' from command line to 'None'
[0.586s] Level 5:colcon.colcon_core.verb:set package 'control_robot' build argument 'catkin_cmake_args' from command line to 'None'
[0.586s] Level 5:colcon.colcon_core.verb:set package 'control_robot' build argument 'catkin_skip_building_tests' from command line to 'False'
[0.586s] DEBUG:colcon.colcon_core.verb:Building package 'control_robot' with the following arguments: {'ament_cmake_args': None, 'build_base': '/home/vboxuser/Desktop/robot/build/control_robot', 'catkin_cmake_args': None, 'catkin_skip_building_tests': False, 'cmake_args': None, 'cmake_clean_cache': False, 'cmake_clean_first': False, 'cmake_force_configure': False, 'cmake_target': None, 'cmake_target_skip_unavailable': False, 'install_base': '/home/vboxuser/Desktop/robot/install/control_robot', 'merge_install': False, 'path': '/home/vboxuser/Desktop/robot/src/control_robot', 'symlink_install': False, 'test_result_base': None}
[0.587s] Level 5:colcon.colcon_core.verb:set package 'two_wheeled_robot' build argument 'cmake_args' from command line to 'None'
[0.587s] Level 5:colcon.colcon_core.verb:set package 'two_wheeled_robot' build argument 'cmake_target' from command line to 'None'
[0.587s] Level 5:colcon.colcon_core.verb:set package 'two_wheeled_robot' build argument 'cmake_target_skip_unavailable' from command line to 'False'
[0.587s] Level 5:colcon.colcon_core.verb:set package 'two_wheeled_robot' build argument 'cmake_clean_cache' from command line to 'False'
[0.587s] Level 5:colcon.colcon_core.verb:set package 'two_wheeled_robot' build argument 'cmake_clean_first' from command line to 'False'
[0.587s] Level 5:colcon.colcon_core.verb:set package 'two_wheeled_robot' build argument 'cmake_force_configure' from command line to 'False'
[0.587s] Level 5:colcon.colcon_core.verb:set package 'two_wheeled_robot' build argument 'ament_cmake_args' from command line to 'None'
[0.587s] Level 5:colcon.colcon_core.verb:set package 'two_wheeled_robot' build argument 'catkin_cmake_args' from command line to 'None'
[0.587s] Level 5:colcon.colcon_core.verb:set package 'two_wheeled_robot' build argument 'catkin_skip_building_tests' from command line to 'False'
[0.587s] DEBUG:colcon.colcon_core.verb:Building package 'two_wheeled_robot' with the following arguments: {'ament_cmake_args': None, 'build_base': '/home/vboxuser/Desktop/robot/build/two_wheeled_robot', 'catkin_cmake_args': None, 'catkin_skip_building_tests': False, 'cmake_args': None, 'cmake_clean_cache': False, 'cmake_clean_first': False, 'cmake_force_configure': False, 'cmake_target': None, 'cmake_target_skip_unavailable': False, 'install_base': '/home/vboxuser/Desktop/robot/install/two_wheeled_robot', 'merge_install': False, 'path': '/home/vboxuser/Desktop/robot/src/two_wheeled_robot', 'symlink_install': False, 'test_result_base': None}
[0.587s] INFO:colcon.colcon_core.executor:Executing jobs using 'parallel' executor
[0.590s] DEBUG:colcon.colcon_parallel_executor.executor.parallel:run_until_complete
[0.590s] INFO:colcon.colcon_ros.task.ament_python.build:Building ROS package in '/home/vboxuser/Desktop/robot/src/control_robot' with build type 'ament_python'
[0.591s] Level 1:colcon.colcon_core.shell:create_environment_hook('control_robot', 'ament_prefix_path')
[0.595s] INFO:colcon.colcon_core.plugin_system:Skipping extension 'colcon_core.shell.bat': Not used on non-Windows systems
[0.595s] INFO:colcon.colcon_core.shell:Creating environment hook '/home/vboxuser/Desktop/robot/install/control_robot/share/control_robot/hook/ament_prefix_path.ps1'
[0.597s] INFO:colcon.colcon_core.shell:Creating environment descriptor '/home/vboxuser/Desktop/robot/install/control_robot/share/control_robot/hook/ament_prefix_path.dsv'
[0.602s] INFO:colcon.colcon_core.shell:Creating environment hook '/home/vboxuser/Desktop/robot/install/control_robot/share/control_robot/hook/ament_prefix_path.sh'
[0.605s] INFO:colcon.colcon_core.shell:Skip shell extension 'powershell' for command environment: Not usable outside of PowerShell
[0.605s] DEBUG:colcon.colcon_core.shell:Skip shell extension 'dsv' for command environment
[0.721s] INFO:colcon.colcon_ros.task.ament_cmake.build:Building ROS package in '/home/vboxuser/Desktop/robot/src/two_wheeled_robot' with build type 'ament_cmake'
[0.725s] INFO:colcon.colcon_cmake.task.cmake.build:Building CMake package in '/home/vboxuser/Desktop/robot/src/two_wheeled_robot'
[0.728s] INFO:colcon.colcon_core.shell:Skip shell extension 'powershell' for command environment: Not usable outside of PowerShell
[0.731s] DEBUG:colcon.colcon_core.shell:Skip shell extension 'dsv' for command environment
[1.548s] INFO:colcon.colcon_core.task.python.build:Building Python package in '/home/vboxuser/Desktop/robot/src/control_robot'
[1.548s] INFO:colcon.colcon_core.shell:Skip shell extension 'powershell' for command environment: Not usable outside of PowerShell
[1.548s] DEBUG:colcon.colcon_core.shell:Skip shell extension 'dsv' for command environment
[1.615s] DEBUG:colcon.colcon_core.event_handler.log_command:Invoking command in '/home/vboxuser/Desktop/robot/build/two_wheeled_robot': CMAKE_PREFIX_PATH=${CMAKE_PREFIX_PATH}:/home/vboxuser/Desktop/robot/install/control_robot:/opt/ros/humble /usr/bin/cmake --build /home/vboxuser/Desktop/robot/build/two_wheeled_robot -- -j5 -l5
[2.030s] DEBUG:colcon.colcon_core.event_handler.log_command:Invoked command in '/home/vboxuser/Desktop/robot/build/two_wheeled_robot' returned '0': CMAKE_PREFIX_PATH=${CMAKE_PREFIX_PATH}:/home/vboxuser/Desktop/robot/install/control_robot:/opt/ros/humble /usr/bin/cmake --build /home/vboxuser/Desktop/robot/build/two_wheeled_robot -- -j5 -l5
[2.520s] DEBUG:colcon.colcon_core.event_handler.log_command:Invoking command in '/home/vboxuser/Desktop/robot/build/two_wheeled_robot': CMAKE_PREFIX_PATH=${CMAKE_PREFIX_PATH}:/home/vboxuser/Desktop/robot/install/control_robot:/opt/ros/humble /usr/bin/cmake --install /home/vboxuser/Desktop/robot/build/two_wheeled_robot
[2.624s] Level 1:colcon.colcon_core.environment:create_environment_scripts_only(two_wheeled_robot)
[2.631s] DEBUG:colcon.colcon_core.event_handler.log_command:Invoked command in '/home/vboxuser/Desktop/robot/build/two_wheeled_robot' returned '0': CMAKE_PREFIX_PATH=${CMAKE_PREFIX_PATH}:/home/vboxuser/Desktop/robot/install/control_robot:/opt/ros/humble /usr/bin/cmake --install /home/vboxuser/Desktop/robot/build/two_wheeled_robot
[2.634s] Level 1:colcon.colcon_core.environment:checking '/home/vboxuser/Desktop/robot/install/two_wheeled_robot' for CMake module files
[2.635s] Level 1:colcon.colcon_core.environment:checking '/home/vboxuser/Desktop/robot/install/two_wheeled_robot' for CMake config files
[2.635s] Level 1:colcon.colcon_core.shell:create_environment_hook('two_wheeled_robot', 'cmake_prefix_path')
[2.636s] INFO:colcon.colcon_core.shell:Creating environment hook '/home/vboxuser/Desktop/robot/install/two_wheeled_robot/share/two_wheeled_robot/hook/cmake_prefix_path.ps1'
[2.637s] INFO:colcon.colcon_core.shell:Creating environment descriptor '/home/vboxuser/Desktop/robot/install/two_wheeled_robot/share/two_wheeled_robot/hook/cmake_prefix_path.dsv'
[2.642s] INFO:colcon.colcon_core.shell:Creating environment hook '/home/vboxuser/Desktop/robot/install/two_wheeled_robot/share/two_wheeled_robot/hook/cmake_prefix_path.sh'
[2.644s] Level 1:colcon.colcon_core.environment:checking '/home/vboxuser/Desktop/robot/install/two_wheeled_robot/bin'
[2.644s] Level 1:colcon.colcon_core.environment:checking '/home/vboxuser/Desktop/robot/install/two_wheeled_robot/lib/pkgconfig/two_wheeled_robot.pc'
[2.644s] Level 1:colcon.colcon_core.environment:checking '/home/vboxuser/Desktop/robot/install/two_wheeled_robot/lib/python3.10/site-packages'
[2.649s] Level 1:colcon.colcon_core.environment:checking '/home/vboxuser/Desktop/robot/install/two_wheeled_robot/bin'
[2.649s] INFO:colcon.colcon_core.shell:Creating package script '/home/vboxuser/Desktop/robot/install/two_wheeled_robot/share/two_wheeled_robot/package.ps1'
[2.651s] INFO:colcon.colcon_core.shell:Creating package descriptor '/home/vboxuser/Desktop/robot/install/two_wheeled_robot/share/two_wheeled_robot/package.dsv'
[2.652s] INFO:colcon.colcon_core.shell:Creating package script '/home/vboxuser/Desktop/robot/install/two_wheeled_robot/share/two_wheeled_robot/package.sh'
[2.653s] INFO:colcon.colcon_core.shell:Creating package script '/home/vboxuser/Desktop/robot/install/two_wheeled_robot/share/two_wheeled_robot/package.bash'
[2.655s] INFO:colcon.colcon_core.shell:Creating package script '/home/vboxuser/Desktop/robot/install/two_wheeled_robot/share/two_wheeled_robot/package.zsh'
[2.656s] Level 1:colcon.colcon_core.environment:create_file_with_runtime_dependencies(/home/vboxuser/Desktop/robot/install/two_wheeled_robot/share/colcon-core/packages/two_wheeled_robot)
[3.088s] Level 1:colcon.colcon_core.environment:create_environment_scripts_only(two_wheeled_robot)
[3.088s] Level 1:colcon.colcon_core.environment:checking '/home/vboxuser/Desktop/robot/install/two_wheeled_robot' for CMake module files
[3.091s] Level 1:colcon.colcon_core.environment:checking '/home/vboxuser/Desktop/robot/install/two_wheeled_robot' for CMake config files
[3.094s] DEBUG:colcon.colcon_core.event_handler.log_command:Invoking command in '/home/vboxuser/Desktop/robot/src/control_robot': PYTHONPATH=/home/vboxuser/Desktop/robot/build/control_robot/prefix_override:/usr/lib/python3/dist-packages/colcon_core/task/python/colcon_distutils_commands:/home/vboxuser/Desktop/robot/install/control_robot/lib/python3.10/site-packages:${PYTHONPATH} /usr/bin/python3 -W ignore:setup.py install is deprecated setup.py egg_info --egg-base ../../build/control_robot build --build-base /home/vboxuser/Desktop/robot/build/control_robot/build install --record /home/vboxuser/Desktop/robot/build/control_robot/install.log --single-version-externally-managed install_data
[3.096s] Level 1:colcon.colcon_core.shell:create_environment_hook('two_wheeled_robot', 'cmake_prefix_path')
[3.097s] INFO:colcon.colcon_core.shell:Creating environment hook '/home/vboxuser/Desktop/robot/install/two_wheeled_robot/share/two_wheeled_robot/hook/cmake_prefix_path.ps1'
[3.100s] INFO:colcon.colcon_core.shell:Creating environment descriptor '/home/vboxuser/Desktop/robot/install/two_wheeled_robot/share/two_wheeled_robot/hook/cmake_prefix_path.dsv'
[3.101s] INFO:colcon.colcon_core.shell:Creating environment hook '/home/vboxuser/Desktop/robot/install/two_wheeled_robot/share/two_wheeled_robot/hook/cmake_prefix_path.sh'
[3.104s] Level 1:colcon.colcon_core.environment:checking '/home/vboxuser/Desktop/robot/install/two_wheeled_robot/bin'
[3.104s] Level 1:colcon.colcon_core.environment:checking '/home/vboxuser/Desktop/robot/install/two_wheeled_robot/lib/pkgconfig/two_wheeled_robot.pc'
[3.283s] Level 1:colcon.colcon_core.environment:checking '/home/vboxuser/Desktop/robot/install/two_wheeled_robot/lib/python3.10/site-packages'
[3.284s] Level 1:colcon.colcon_core.environment:checking '/home/vboxuser/Desktop/robot/install/two_wheeled_robot/bin'
[3.284s] INFO:colcon.colcon_core.shell:Creating package script '/home/vboxuser/Desktop/robot/install/two_wheeled_robot/share/two_wheeled_robot/package.ps1'
[3.285s] INFO:colcon.colcon_core.shell:Creating package descriptor '/home/vboxuser/Desktop/robot/install/two_wheeled_robot/share/two_wheeled_robot/package.dsv'
[3.295s] INFO:colcon.colcon_core.shell:Creating package script '/home/vboxuser/Desktop/robot/install/two_wheeled_robot/share/two_wheeled_robot/package.sh'
[3.308s] INFO:colcon.colcon_core.shell:Creating package script '/home/vboxuser/Desktop/robot/install/two_wheeled_robot/share/two_wheeled_robot/package.bash'
[3.320s] INFO:colcon.colcon_core.shell:Creating package script '/home/vboxuser/Desktop/robot/install/two_wheeled_robot/share/two_wheeled_robot/package.zsh'
[3.332s] Level 1:colcon.colcon_core.environment:create_file_with_runtime_dependencies(/home/vboxuser/Desktop/robot/install/two_wheeled_robot/share/colcon-core/packages/two_wheeled_robot)
[4.042s] Level 1:colcon.colcon_core.environment:checking '/home/vboxuser/Desktop/robot/install/control_robot' for CMake module files
[4.043s] DEBUG:colcon.colcon_core.event_handler.log_command:Invoked command in '/home/vboxuser/Desktop/robot/src/control_robot' returned '0': PYTHONPATH=/home/vboxuser/Desktop/robot/build/control_robot/prefix_override:/usr/lib/python3/dist-packages/colcon_core/task/python/colcon_distutils_commands:/home/vboxuser/Desktop/robot/install/control_robot/lib/python3.10/site-packages:${PYTHONPATH} /usr/bin/python3 -W ignore:setup.py install is deprecated setup.py egg_info --egg-base ../../build/control_robot build --build-base /home/vboxuser/Desktop/robot/build/control_robot/build install --record /home/vboxuser/Desktop/robot/build/control_robot/install.log --single-version-externally-managed install_data
[4.044s] Level 1:colcon.colcon_core.environment:checking '/home/vboxuser/Desktop/robot/install/control_robot' for CMake config files
[4.045s] Level 1:colcon.colcon_core.environment:checking '/home/vboxuser/Desktop/robot/install/control_robot/lib'
[4.046s] Level 1:colcon.colcon_core.environment:checking '/home/vboxuser/Desktop/robot/install/control_robot/bin'
[4.046s] Level 1:colcon.colcon_core.environment:checking '/home/vboxuser/Desktop/robot/install/control_robot/lib/pkgconfig/control_robot.pc'
[4.046s] Level 1:colcon.colcon_core.environment:checking '/home/vboxuser/Desktop/robot/install/control_robot/lib/python3.10/site-packages'
[4.046s] Level 1:colcon.colcon_core.shell:create_environment_hook('control_robot', 'pythonpath')
[4.047s] INFO:colcon.colcon_core.shell:Creating environment hook '/home/vboxuser/Desktop/robot/install/control_robot/share/control_robot/hook/pythonpath.ps1'
[4.047s] INFO:colcon.colcon_core.shell:Creating environment descriptor '/home/vboxuser/Desktop/robot/install/control_robot/share/control_robot/hook/pythonpath.dsv'
[4.048s] INFO:colcon.colcon_core.shell:Creating environment hook '/home/vboxuser/Desktop/robot/install/control_robot/share/control_robot/hook/pythonpath.sh'
[4.049s] Level 1:colcon.colcon_core.environment:checking '/home/vboxuser/Desktop/robot/install/control_robot/bin'
[4.050s] Level 1:colcon.colcon_core.environment:create_environment_scripts_only(control_robot)
[4.050s] INFO:colcon.colcon_core.shell:Creating package script '/home/vboxuser/Desktop/robot/install/control_robot/share/control_robot/package.ps1'
[4.051s] INFO:colcon.colcon_core.shell:Creating package descriptor '/home/vboxuser/Desktop/robot/install/control_robot/share/control_robot/package.dsv'
[4.052s] INFO:colcon.colcon_core.shell:Creating package script '/home/vboxuser/Desktop/robot/install/control_robot/share/control_robot/package.sh'
[4.053s] INFO:colcon.colcon_core.shell:Creating package script '/home/vboxuser/Desktop/robot/install/control_robot/share/control_robot/package.bash'
[4.056s] INFO:colcon.colcon_core.shell:Creating package script '/home/vboxuser/Desktop/robot/install/control_robot/share/control_robot/package.zsh'
[4.057s] Level 1:colcon.colcon_core.environment:create_file_with_runtime_dependencies(/home/vboxuser/Desktop/robot/install/control_robot/share/colcon-core/packages/control_robot)
[4.059s] DEBUG:colcon.colcon_parallel_executor.executor.parallel:closing loop
[4.059s] DEBUG:colcon.colcon_parallel_executor.executor.parallel:loop closed
[4.059s] DEBUG:colcon.colcon_parallel_executor.executor.parallel:run_until_complete finished with '0'
[4.059s] DEBUG:colcon.colcon_core.event_reactor:joining thread
[4.075s] INFO:colcon.colcon_core.plugin_system:Skipping extension 'colcon_notification.desktop_notification.terminal_notifier': Not used on non-Darwin systems
[4.089s] INFO:colcon.colcon_core.plugin_system:Skipping extension 'colcon_notification.desktop_notification.win32': Not used on non-Windows systems
[4.096s] INFO:colcon.colcon_notification.desktop_notification:Sending desktop notification using 'notify2'
[4.186s] DEBUG:colcon.colcon_core.event_reactor:joined thread
[4.186s] INFO:colcon.colcon_core.shell:Creating prefix script '/home/vboxuser/Desktop/robot/install/local_setup.ps1'
[4.188s] INFO:colcon.colcon_core.shell:Creating prefix util module '/home/vboxuser/Desktop/robot/install/_local_setup_util_ps1.py'
[4.189s] INFO:colcon.colcon_core.shell:Creating prefix chain script '/home/vboxuser/Desktop/robot/install/setup.ps1'
[4.191s] INFO:colcon.colcon_core.shell:Creating prefix script '/home/vboxuser/Desktop/robot/install/local_setup.sh'
[4.192s] INFO:colcon.colcon_core.shell:Creating prefix util module '/home/vboxuser/Desktop/robot/install/_local_setup_util_sh.py'
[4.193s] INFO:colcon.colcon_core.shell:Creating prefix chain script '/home/vboxuser/Desktop/robot/install/setup.sh'
[4.195s] INFO:colcon.colcon_core.shell:Creating prefix script '/home/vboxuser/Desktop/robot/install/local_setup.bash'
[4.197s] INFO:colcon.colcon_core.shell:Creating prefix chain script '/home/vboxuser/Desktop/robot/install/setup.bash'
[4.198s] INFO:colcon.colcon_core.shell:Creating prefix script '/home/vboxuser/Desktop/robot/install/local_setup.zsh'
[4.200s] INFO:colcon.colcon_core.shell:Creating prefix chain script '/home/vboxuser/Desktop/robot/install/setup.zsh'
