[0.398s] DEBUG:colcon:Command line arguments: ['/usr/bin/colcon', 'build']
[0.398s] DEBUG:colcon:Parsed command line arguments: Namespace(log_base=None, log_level=None, verb_name='build', build_base='build', install_base='install', merge_install=False, symlink_install=False, test_result_base=None, continue_on_error=False, executor='parallel', parallel_workers=5, event_handlers=None, ignore_user_meta=False, metas=['./colcon.meta'], base_paths=['.'], packages_ignore=None, packages_ignore_regex=None, paths=None, packages_up_to=None, packages_up_to_regex=None, packages_above=None, packages_above_and_dependencies=None, packages_above_depth=None, packages_select_by_dep=None, packages_skip_by_dep=None, packages_skip_up_to=None, packages_select_build_failed=False, packages_skip_build_finished=False, packages_select_test_failures=False, packages_skip_test_passed=False, packages_select=None, packages_skip=None, packages_select_regex=None, packages_skip_regex=None, packages_start=None, packages_end=None, allow_overriding=[], cmake_args=None, cmake_target=None, cmake_target_skip_unavailable=False, cmake_clean_cache=False, cmake_clean_first=False, cmake_force_configure=False, ament_cmake_args=None, catkin_cmake_args=None, catkin_skip_building_tests=False, verb_parser=<colcon_defaults.argument_parser.defaults.DefaultArgumentsDecorator object at 0x755b86e543d0>, verb_extension=<colcon_core.verb.build.BuildVerb object at 0x755b86e1bf40>, main=<bound method BuildVerb.main of <colcon_core.verb.build.BuildVerb object at 0x755b86e1bf40>>)
[0.761s] Level 1:colcon.colcon_core.package_discovery:discover_packages(colcon_meta) check parameters
[0.762s] Level 1:colcon.colcon_core.package_discovery:discover_packages(recursive) check parameters
[0.762s] Level 1:colcon.colcon_core.package_discovery:discover_packages(ignore) check parameters
[0.762s] Level 1:colcon.colcon_core.package_discovery:discover_packages(path) check parameters
[0.762s] Level 1:colcon.colcon_core.package_discovery:discover_packages(colcon_meta) discover
[0.762s] Level 1:colcon.colcon_core.package_discovery:discover_packages(recursive) discover
[0.762s] INFO:colcon.colcon_core.package_discovery:Crawling recursively for packages in '/home/vboxuser/Desktop/robot'
[0.762s] Level 1:colcon.colcon_core.package_identification:_identify(.) by extensions ['ignore', 'ignore_ament_install']
[0.762s] Level 1:colcon.colcon_core.package_identification:_identify(.) by extension 'ignore'
[0.762s] Level 1:colcon.colcon_core.package_identification:_identify(.) by extension 'ignore_ament_install'
[0.762s] Level 1:colcon.colcon_core.package_identification:_identify(.) by extensions ['colcon_pkg']
[0.762s] Level 1:colcon.colcon_core.package_identification:_identify(.) by extension 'colcon_pkg'
[0.762s] Level 1:colcon.colcon_core.package_identification:_identify(.) by extensions ['colcon_meta']
[0.762s] Level 1:colcon.colcon_core.package_identification:_identify(.) by extension 'colcon_meta'
[0.762s] Level 1:colcon.colcon_core.package_identification:_identify(.) by extensions ['ros']
[0.762s] Level 1:colcon.colcon_core.package_identification:_identify(.) by extension 'ros'
[0.783s] Level 1:colcon.colcon_core.package_identification:_identify(.) by extensions ['cmake', 'python']
[0.783s] Level 1:colcon.colcon_core.package_identification:_identify(.) by extension 'cmake'
[0.783s] Level 1:colcon.colcon_core.package_identification:_identify(.) by extension 'python'
[0.783s] Level 1:colcon.colcon_core.package_identification:_identify(.) by extensions ['python_setup_py']
[0.783s] Level 1:colcon.colcon_core.package_identification:_identify(.) by extension 'python_setup_py'
[0.783s] Level 1:colcon.colcon_core.package_identification:_identify(build) by extensions ['ignore', 'ignore_ament_install']
[0.783s] Level 1:colcon.colcon_core.package_identification:_identify(build) by extension 'ignore'
[0.783s] Level 1:colcon.colcon_core.package_identification:_identify(build) ignored
[0.783s] Level 1:colcon.colcon_core.package_identification:_identify(install) by extensions ['ignore', 'ignore_ament_install']
[0.783s] Level 1:colcon.colcon_core.package_identification:_identify(install) by extension 'ignore'
[0.784s] Level 1:colcon.colcon_core.package_identification:_identify(install) ignored
[0.784s] Level 1:colcon.colcon_core.package_identification:_identify(log) by extensions ['ignore', 'ignore_ament_install']
[0.784s] Level 1:colcon.colcon_core.package_identification:_identify(log) by extension 'ignore'
[0.784s] Level 1:colcon.colcon_core.package_identification:_identify(log) ignored
[0.784s] Level 1:colcon.colcon_core.package_identification:_identify(src) by extensions ['ignore', 'ignore_ament_install']
[0.784s] Level 1:colcon.colcon_core.package_identification:_identify(src) by extension 'ignore'
[0.784s] Level 1:colcon.colcon_core.package_identification:_identify(src) by extension 'ignore_ament_install'
[0.784s] Level 1:colcon.colcon_core.package_identification:_identify(src) by extensions ['colcon_pkg']
[0.784s] Level 1:colcon.colcon_core.package_identification:_identify(src) by extension 'colcon_pkg'
[0.784s] Level 1:colcon.colcon_core.package_identification:_identify(src) by extensions ['colcon_meta']
[0.784s] Level 1:colcon.colcon_core.package_identification:_identify(src) by extension 'colcon_meta'
[0.784s] Level 1:colcon.colcon_core.package_identification:_identify(src) by extensions ['ros']
[0.784s] Level 1:colcon.colcon_core.package_identification:_identify(src) by extension 'ros'
[0.784s] Level 1:colcon.colcon_core.package_identification:_identify(src) by extensions ['cmake', 'python']
[0.784s] Level 1:colcon.colcon_core.package_identification:_identify(src) by extension 'cmake'
[0.784s] Level 1:colcon.colcon_core.package_identification:_identify(src) by extension 'python'
[0.784s] Level 1:colcon.colcon_core.package_identification:_identify(src) by extensions ['python_setup_py']
[0.784s] Level 1:colcon.colcon_core.package_identification:_identify(src) by extension 'python_setup_py'
[0.784s] Level 1:colcon.colcon_core.package_identification:_identify(src/control_robot) by extensions ['ignore', 'ignore_ament_install']
[0.784s] Level 1:colcon.colcon_core.package_identification:_identify(src/control_robot) by extension 'ignore'
[0.784s] Level 1:colcon.colcon_core.package_identification:_identify(src/control_robot) by extension 'ignore_ament_install'
[0.784s] Level 1:colcon.colcon_core.package_identification:_identify(src/control_robot) by extensions ['colcon_pkg']
[0.784s] Level 1:colcon.colcon_core.package_identification:_identify(src/control_robot) by extension 'colcon_pkg'
[0.784s] Level 1:colcon.colcon_core.package_identification:_identify(src/control_robot) by extensions ['colcon_meta']
[0.784s] Level 1:colcon.colcon_core.package_identification:_identify(src/control_robot) by extension 'colcon_meta'
[0.785s] Level 1:colcon.colcon_core.package_identification:_identify(src/control_robot) by extensions ['ros']
[0.785s] Level 1:colcon.colcon_core.package_identification:_identify(src/control_robot) by extension 'ros'
[0.790s] DEBUG:colcon.colcon_core.package_identification:Package 'src/control_robot' with type 'ros.ament_python' and name 'control_robot'
[0.790s] Level 1:colcon.colcon_core.package_identification:_identify(src/two_wheeled_robot) by extensions ['ignore', 'ignore_ament_install']
[0.790s] Level 1:colcon.colcon_core.package_identification:_identify(src/two_wheeled_robot) by extension 'ignore'
[0.790s] Level 1:colcon.colcon_core.package_identification:_identify(src/two_wheeled_robot) by extension 'ignore_ament_install'
[0.791s] Level 1:colcon.colcon_core.package_identification:_identify(src/two_wheeled_robot) by extensions ['colcon_pkg']
[0.791s] Level 1:colcon.colcon_core.package_identification:_identify(src/two_wheeled_robot) by extension 'colcon_pkg'
[0.791s] Level 1:colcon.colcon_core.package_identification:_identify(src/two_wheeled_robot) by extensions ['colcon_meta']
[0.791s] Level 1:colcon.colcon_core.package_identification:_identify(src/two_wheeled_robot) by extension 'colcon_meta'
[0.791s] Level 1:colcon.colcon_core.package_identification:_identify(src/two_wheeled_robot) by extensions ['ros']
[0.791s] Level 1:colcon.colcon_core.package_identification:_identify(src/two_wheeled_robot) by extension 'ros'
[0.793s] DEBUG:colcon.colcon_core.package_identification:Package 'src/two_wheeled_robot' with type 'ros.ament_cmake' and name 'two_wheeled_robot'
[0.793s] Level 1:colcon.colcon_core.package_discovery:discover_packages(recursive) using defaults
[0.793s] Level 1:colcon.colcon_core.package_discovery:discover_packages(ignore) discover
[0.793s] Level 1:colcon.colcon_core.package_discovery:discover_packages(ignore) using defaults
[0.793s] Level 1:colcon.colcon_core.package_discovery:discover_packages(path) discover
[0.793s] Level 1:colcon.colcon_core.package_discovery:discover_packages(path) using defaults
[0.845s] Level 1:colcon.colcon_core.package_discovery:discover_packages(prefix_path) check parameters
[0.845s] Level 1:colcon.colcon_core.package_discovery:discover_packages(prefix_path) discover
[0.851s] DEBUG:colcon.colcon_installed_package_information.package_discovery:Found 315 installed packages in /opt/ros/humble
[0.852s] Level 1:colcon.colcon_core.package_discovery:discover_packages(prefix_path) using defaults
[0.887s] Level 5:colcon.colcon_core.verb:set package 'control_robot' build argument 'cmake_args' from command line to 'None'
[0.888s] Level 5:colcon.colcon_core.verb:set package 'control_robot' build argument 'cmake_target' from command line to 'None'
[0.888s] Level 5:colcon.colcon_core.verb:set package 'control_robot' build argument 'cmake_target_skip_unavailable' from command line to 'False'
[0.888s] Level 5:colcon.colcon_core.verb:set package 'control_robot' build argument 'cmake_clean_cache' from command line to 'False'
[0.888s] Level 5:colcon.colcon_core.verb:set package 'control_robot' build argument 'cmake_clean_first' from command line to 'False'
[0.888s] Level 5:colcon.colcon_core.verb:set package 'control_robot' build argument 'cmake_force_configure' from command line to 'False'
[0.888s] Level 5:colcon.colcon_core.verb:set package 'control_robot' build argument 'ament_cmake_args' from command line to 'None'
[0.888s] Level 5:colcon.colcon_core.verb:set package 'control_robot' build argument 'catkin_cmake_args' from command line to 'None'
[0.888s] Level 5:colcon.colcon_core.verb:set package 'control_robot' build argument 'catkin_skip_building_tests' from command line to 'False'
[0.888s] DEBUG:colcon.colcon_core.verb:Building package 'control_robot' with the following arguments: {'ament_cmake_args': None, 'build_base': '/home/vboxuser/Desktop/robot/build/control_robot', 'catkin_cmake_args': None, 'catkin_skip_building_tests': False, 'cmake_args': None, 'cmake_clean_cache': False, 'cmake_clean_first': False, 'cmake_force_configure': False, 'cmake_target': None, 'cmake_target_skip_unavailable': False, 'install_base': '/home/vboxuser/Desktop/robot/install/control_robot', 'merge_install': False, 'path': '/home/vboxuser/Desktop/robot/src/control_robot', 'symlink_install': False, 'test_result_base': None}
[0.888s] Level 5:colcon.colcon_core.verb:set package 'two_wheeled_robot' build argument 'cmake_args' from command line to 'None'
[0.888s] Level 5:colcon.colcon_core.verb:set package 'two_wheeled_robot' build argument 'cmake_target' from command line to 'None'
[0.889s] Level 5:colcon.colcon_core.verb:set package 'two_wheeled_robot' build argument 'cmake_target_skip_unavailable' from command line to 'False'
[0.889s] Level 5:colcon.colcon_core.verb:set package 'two_wheeled_robot' build argument 'cmake_clean_cache' from command line to 'False'
[0.889s] Level 5:colcon.colcon_core.verb:set package 'two_wheeled_robot' build argument 'cmake_clean_first' from command line to 'False'
[0.889s] Level 5:colcon.colcon_core.verb:set package 'two_wheeled_robot' build argument 'cmake_force_configure' from command line to 'False'
[0.889s] Level 5:colcon.colcon_core.verb:set package 'two_wheeled_robot' build argument 'ament_cmake_args' from command line to 'None'
[0.889s] Level 5:colcon.colcon_core.verb:set package 'two_wheeled_robot' build argument 'catkin_cmake_args' from command line to 'None'
[0.889s] Level 5:colcon.colcon_core.verb:set package 'two_wheeled_robot' build argument 'catkin_skip_building_tests' from command line to 'False'
[0.889s] DEBUG:colcon.colcon_core.verb:Building package 'two_wheeled_robot' with the following arguments: {'ament_cmake_args': None, 'build_base': '/home/vboxuser/Desktop/robot/build/two_wheeled_robot', 'catkin_cmake_args': None, 'catkin_skip_building_tests': False, 'cmake_args': None, 'cmake_clean_cache': False, 'cmake_clean_first': False, 'cmake_force_configure': False, 'cmake_target': None, 'cmake_target_skip_unavailable': False, 'install_base': '/home/vboxuser/Desktop/robot/install/two_wheeled_robot', 'merge_install': False, 'path': '/home/vboxuser/Desktop/robot/src/two_wheeled_robot', 'symlink_install': False, 'test_result_base': None}
[0.889s] INFO:colcon.colcon_core.executor:Executing jobs using 'parallel' executor
[0.891s] DEBUG:colcon.colcon_parallel_executor.executor.parallel:run_until_complete
[0.891s] INFO:colcon.colcon_ros.task.ament_python.build:Building ROS package in '/home/vboxuser/Desktop/robot/src/control_robot' with build type 'ament_python'
[0.891s] Level 1:colcon.colcon_core.shell:create_environment_hook('control_robot', 'ament_prefix_path')
[0.901s] INFO:colcon.colcon_core.plugin_system:Skipping extension 'colcon_core.shell.bat': Not used on non-Windows systems
[0.901s] INFO:colcon.colcon_core.shell:Creating environment hook '/home/vboxuser/Desktop/robot/install/control_robot/share/control_robot/hook/ament_prefix_path.ps1'
[0.903s] INFO:colcon.colcon_core.shell:Creating environment descriptor '/home/vboxuser/Desktop/robot/install/control_robot/share/control_robot/hook/ament_prefix_path.dsv'
[0.904s] INFO:colcon.colcon_core.shell:Creating environment hook '/home/vboxuser/Desktop/robot/install/control_robot/share/control_robot/hook/ament_prefix_path.sh'
[0.905s] INFO:colcon.colcon_core.shell:Skip shell extension 'powershell' for command environment: Not usable outside of PowerShell
[0.905s] DEBUG:colcon.colcon_core.shell:Skip shell extension 'dsv' for command environment
[0.915s] INFO:colcon.colcon_ros.task.ament_cmake.build:Building ROS package in '/home/vboxuser/Desktop/robot/src/two_wheeled_robot' with build type 'ament_cmake'
[0.915s] INFO:colcon.colcon_cmake.task.cmake.build:Building CMake package in '/home/vboxuser/Desktop/robot/src/two_wheeled_robot'
[0.916s] INFO:colcon.colcon_core.shell:Skip shell extension 'powershell' for command environment: Not usable outside of PowerShell
[0.916s] DEBUG:colcon.colcon_core.shell:Skip shell extension 'dsv' for command environment
[1.126s] INFO:colcon.colcon_core.task.python.build:Building Python package in '/home/vboxuser/Desktop/robot/src/control_robot'
[1.126s] INFO:colcon.colcon_core.shell:Skip shell extension 'powershell' for command environment: Not usable outside of PowerShell
[1.126s] DEBUG:colcon.colcon_core.shell:Skip shell extension 'dsv' for command environment
[1.140s] DEBUG:colcon.colcon_core.event_handler.log_command:Invoking command in '/home/vboxuser/Desktop/robot/build/two_wheeled_robot': CMAKE_PREFIX_PATH=/opt/ros/humble /usr/bin/cmake --build /home/vboxuser/Desktop/robot/build/two_wheeled_robot -- -j5 -l5
[1.258s] DEBUG:colcon.colcon_core.event_handler.log_command:Invoked command in '/home/vboxuser/Desktop/robot/build/two_wheeled_robot' returned '0': CMAKE_PREFIX_PATH=/opt/ros/humble /usr/bin/cmake --build /home/vboxuser/Desktop/robot/build/two_wheeled_robot -- -j5 -l5
[1.303s] DEBUG:colcon.colcon_core.event_handler.log_command:Invoking command in '/home/vboxuser/Desktop/robot/build/two_wheeled_robot': CMAKE_PREFIX_PATH=/opt/ros/humble /usr/bin/cmake --install /home/vboxuser/Desktop/robot/build/two_wheeled_robot
[1.321s] Level 1:colcon.colcon_core.environment:create_environment_scripts_only(two_wheeled_robot)
[1.325s] DEBUG:colcon.colcon_core.event_handler.log_command:Invoked command in '/home/vboxuser/Desktop/robot/build/two_wheeled_robot' returned '0': CMAKE_PREFIX_PATH=/opt/ros/humble /usr/bin/cmake --install /home/vboxuser/Desktop/robot/build/two_wheeled_robot
[1.337s] Level 1:colcon.colcon_core.environment:checking '/home/vboxuser/Desktop/robot/install/two_wheeled_robot' for CMake module files
[1.338s] Level 1:colcon.colcon_core.environment:checking '/home/vboxuser/Desktop/robot/install/two_wheeled_robot' for CMake config files
[1.339s] Level 1:colcon.colcon_core.shell:create_environment_hook('two_wheeled_robot', 'cmake_prefix_path')
[1.339s] INFO:colcon.colcon_core.shell:Creating environment hook '/home/vboxuser/Desktop/robot/install/two_wheeled_robot/share/two_wheeled_robot/hook/cmake_prefix_path.ps1'
[1.340s] INFO:colcon.colcon_core.shell:Creating environment descriptor '/home/vboxuser/Desktop/robot/install/two_wheeled_robot/share/two_wheeled_robot/hook/cmake_prefix_path.dsv'
[1.340s] INFO:colcon.colcon_core.shell:Creating environment hook '/home/vboxuser/Desktop/robot/install/two_wheeled_robot/share/two_wheeled_robot/hook/cmake_prefix_path.sh'
[1.341s] Level 1:colcon.colcon_core.environment:checking '/home/vboxuser/Desktop/robot/install/two_wheeled_robot/bin'
[1.341s] Level 1:colcon.colcon_core.environment:checking '/home/vboxuser/Desktop/robot/install/two_wheeled_robot/lib/pkgconfig/two_wheeled_robot.pc'
[1.342s] Level 1:colcon.colcon_core.environment:checking '/home/vboxuser/Desktop/robot/install/two_wheeled_robot/lib/python3.10/site-packages'
[1.342s] Level 1:colcon.colcon_core.environment:checking '/home/vboxuser/Desktop/robot/install/two_wheeled_robot/bin'
[1.342s] INFO:colcon.colcon_core.shell:Creating package script '/home/vboxuser/Desktop/robot/install/two_wheeled_robot/share/two_wheeled_robot/package.ps1'
[1.343s] INFO:colcon.colcon_core.shell:Creating package descriptor '/home/vboxuser/Desktop/robot/install/two_wheeled_robot/share/two_wheeled_robot/package.dsv'
[1.344s] INFO:colcon.colcon_core.shell:Creating package script '/home/vboxuser/Desktop/robot/install/two_wheeled_robot/share/two_wheeled_robot/package.sh'
[1.345s] INFO:colcon.colcon_core.shell:Creating package script '/home/vboxuser/Desktop/robot/install/two_wheeled_robot/share/two_wheeled_robot/package.bash'
[1.347s] INFO:colcon.colcon_core.shell:Creating package script '/home/vboxuser/Desktop/robot/install/two_wheeled_robot/share/two_wheeled_robot/package.zsh'
[1.348s] Level 1:colcon.colcon_core.environment:create_file_with_runtime_dependencies(/home/vboxuser/Desktop/robot/install/two_wheeled_robot/share/colcon-core/packages/two_wheeled_robot)
[1.392s] Level 1:colcon.colcon_core.environment:create_environment_scripts_only(two_wheeled_robot)
[1.392s] Level 1:colcon.colcon_core.environment:checking '/home/vboxuser/Desktop/robot/install/two_wheeled_robot' for CMake module files
[1.393s] Level 1:colcon.colcon_core.environment:checking '/home/vboxuser/Desktop/robot/install/two_wheeled_robot' for CMake config files
[1.393s] Level 1:colcon.colcon_core.shell:create_environment_hook('two_wheeled_robot', 'cmake_prefix_path')
[1.393s] INFO:colcon.colcon_core.shell:Creating environment hook '/home/vboxuser/Desktop/robot/install/two_wheeled_robot/share/two_wheeled_robot/hook/cmake_prefix_path.ps1'
[1.394s] INFO:colcon.colcon_core.shell:Creating environment descriptor '/home/vboxuser/Desktop/robot/install/two_wheeled_robot/share/two_wheeled_robot/hook/cmake_prefix_path.dsv'
[1.394s] INFO:colcon.colcon_core.shell:Creating environment hook '/home/vboxuser/Desktop/robot/install/two_wheeled_robot/share/two_wheeled_robot/hook/cmake_prefix_path.sh'
[1.395s] Level 1:colcon.colcon_core.environment:checking '/home/vboxuser/Desktop/robot/install/two_wheeled_robot/bin'
[1.395s] Level 1:colcon.colcon_core.environment:checking '/home/vboxuser/Desktop/robot/install/two_wheeled_robot/lib/pkgconfig/two_wheeled_robot.pc'
[1.395s] Level 1:colcon.colcon_core.environment:checking '/home/vboxuser/Desktop/robot/install/two_wheeled_robot/lib/python3.10/site-packages'
[1.395s] Level 1:colcon.colcon_core.environment:checking '/home/vboxuser/Desktop/robot/install/two_wheeled_robot/bin'
[1.396s] INFO:colcon.colcon_core.shell:Creating package script '/home/vboxuser/Desktop/robot/install/two_wheeled_robot/share/two_wheeled_robot/package.ps1'
[1.396s] INFO:colcon.colcon_core.shell:Creating package descriptor '/home/vboxuser/Desktop/robot/install/two_wheeled_robot/share/two_wheeled_robot/package.dsv'
[1.397s] INFO:colcon.colcon_core.shell:Creating package script '/home/vboxuser/Desktop/robot/install/two_wheeled_robot/share/two_wheeled_robot/package.sh'
[1.398s] INFO:colcon.colcon_core.shell:Creating package script '/home/vboxuser/Desktop/robot/install/two_wheeled_robot/share/two_wheeled_robot/package.bash'
[1.399s] INFO:colcon.colcon_core.shell:Creating package script '/home/vboxuser/Desktop/robot/install/two_wheeled_robot/share/two_wheeled_robot/package.zsh'
[1.399s] Level 1:colcon.colcon_core.environment:create_file_with_runtime_dependencies(/home/vboxuser/Desktop/robot/install/two_wheeled_robot/share/colcon-core/packages/two_wheeled_robot)
[1.495s] DEBUG:colcon.colcon_core.event_handler.log_command:Invoking command in '/home/vboxuser/Desktop/robot/src/control_robot': PYTHONPATH=/home/vboxuser/Desktop/robot/build/control_robot/prefix_override:/usr/lib/python3/dist-packages/colcon_core/task/python/colcon_distutils_commands:/home/vboxuser/Desktop/robot/install/control_robot/lib/python3.10/site-packages:${PYTHONPATH} /usr/bin/python3 -W ignore:setup.py install is deprecated setup.py egg_info --egg-base ../../build/control_robot build --build-base /home/vboxuser/Desktop/robot/build/control_robot/build install --record /home/vboxuser/Desktop/robot/build/control_robot/install.log --single-version-externally-managed install_data
[1.731s] Level 1:colcon.colcon_core.environment:checking '/home/vboxuser/Desktop/robot/install/control_robot' for CMake module files
[1.732s] Level 1:colcon.colcon_core.environment:checking '/home/vboxuser/Desktop/robot/install/control_robot' for CMake config files
[1.732s] Level 1:colcon.colcon_core.environment:checking '/home/vboxuser/Desktop/robot/install/control_robot/lib'
[1.733s] Level 1:colcon.colcon_core.environment:checking '/home/vboxuser/Desktop/robot/install/control_robot/bin'
[1.733s] Level 1:colcon.colcon_core.environment:checking '/home/vboxuser/Desktop/robot/install/control_robot/lib/pkgconfig/control_robot.pc'
[1.733s] Level 1:colcon.colcon_core.environment:checking '/home/vboxuser/Desktop/robot/install/control_robot/lib/python3.10/site-packages'
[1.733s] Level 1:colcon.colcon_core.shell:create_environment_hook('control_robot', 'pythonpath')
[1.733s] INFO:colcon.colcon_core.shell:Creating environment hook '/home/vboxuser/Desktop/robot/install/control_robot/share/control_robot/hook/pythonpath.ps1'
[1.733s] INFO:colcon.colcon_core.shell:Creating environment descriptor '/home/vboxuser/Desktop/robot/install/control_robot/share/control_robot/hook/pythonpath.dsv'
[1.736s] DEBUG:colcon.colcon_core.event_handler.log_command:Invoked command in '/home/vboxuser/Desktop/robot/src/control_robot' returned '0': PYTHONPATH=/home/vboxuser/Desktop/robot/build/control_robot/prefix_override:/usr/lib/python3/dist-packages/colcon_core/task/python/colcon_distutils_commands:/home/vboxuser/Desktop/robot/install/control_robot/lib/python3.10/site-packages:${PYTHONPATH} /usr/bin/python3 -W ignore:setup.py install is deprecated setup.py egg_info --egg-base ../../build/control_robot build --build-base /home/vboxuser/Desktop/robot/build/control_robot/build install --record /home/vboxuser/Desktop/robot/build/control_robot/install.log --single-version-externally-managed install_data
[1.736s] INFO:colcon.colcon_core.shell:Creating environment hook '/home/vboxuser/Desktop/robot/install/control_robot/share/control_robot/hook/pythonpath.sh'
[1.737s] Level 1:colcon.colcon_core.environment:checking '/home/vboxuser/Desktop/robot/install/control_robot/bin'
[1.737s] Level 1:colcon.colcon_core.environment:create_environment_scripts_only(control_robot)
[1.737s] INFO:colcon.colcon_core.shell:Creating package script '/home/vboxuser/Desktop/robot/install/control_robot/share/control_robot/package.ps1'
[1.738s] INFO:colcon.colcon_core.shell:Creating package descriptor '/home/vboxuser/Desktop/robot/install/control_robot/share/control_robot/package.dsv'
[1.739s] INFO:colcon.colcon_core.shell:Creating package script '/home/vboxuser/Desktop/robot/install/control_robot/share/control_robot/package.sh'
[1.739s] INFO:colcon.colcon_core.shell:Creating package script '/home/vboxuser/Desktop/robot/install/control_robot/share/control_robot/package.bash'
[1.740s] INFO:colcon.colcon_core.shell:Creating package script '/home/vboxuser/Desktop/robot/install/control_robot/share/control_robot/package.zsh'
[1.740s] Level 1:colcon.colcon_core.environment:create_file_with_runtime_dependencies(/home/vboxuser/Desktop/robot/install/control_robot/share/colcon-core/packages/control_robot)
[1.741s] DEBUG:colcon.colcon_parallel_executor.executor.parallel:closing loop
[1.741s] DEBUG:colcon.colcon_parallel_executor.executor.parallel:loop closed
[1.741s] DEBUG:colcon.colcon_parallel_executor.executor.parallel:run_until_complete finished with '0'
[1.741s] DEBUG:colcon.colcon_core.event_reactor:joining thread
[1.751s] INFO:colcon.colcon_core.plugin_system:Skipping extension 'colcon_notification.desktop_notification.terminal_notifier': Not used on non-Darwin systems
[1.751s] INFO:colcon.colcon_core.plugin_system:Skipping extension 'colcon_notification.desktop_notification.win32': Not used on non-Windows systems
[1.751s] INFO:colcon.colcon_notification.desktop_notification:Sending desktop notification using 'notify2'
[1.778s] DEBUG:colcon.colcon_core.event_reactor:joined thread
[1.779s] INFO:colcon.colcon_core.shell:Creating prefix script '/home/vboxuser/Desktop/robot/install/local_setup.ps1'
[1.782s] INFO:colcon.colcon_core.shell:Creating prefix util module '/home/vboxuser/Desktop/robot/install/_local_setup_util_ps1.py'
[1.784s] INFO:colcon.colcon_core.shell:Creating prefix chain script '/home/vboxuser/Desktop/robot/install/setup.ps1'
[1.785s] INFO:colcon.colcon_core.shell:Creating prefix script '/home/vboxuser/Desktop/robot/install/local_setup.sh'
[1.786s] INFO:colcon.colcon_core.shell:Creating prefix util module '/home/vboxuser/Desktop/robot/install/_local_setup_util_sh.py'
[1.787s] INFO:colcon.colcon_core.shell:Creating prefix chain script '/home/vboxuser/Desktop/robot/install/setup.sh'
[1.795s] INFO:colcon.colcon_core.shell:Creating prefix script '/home/vboxuser/Desktop/robot/install/local_setup.bash'
[1.797s] INFO:colcon.colcon_core.shell:Creating prefix chain script '/home/vboxuser/Desktop/robot/install/setup.bash'
[1.826s] INFO:colcon.colcon_core.shell:Creating prefix script '/home/vboxuser/Desktop/robot/install/local_setup.zsh'
[1.828s] INFO:colcon.colcon_core.shell:Creating prefix chain script '/home/vboxuser/Desktop/robot/install/setup.zsh'
