[0.680s] Invoking command in '/home/vboxuser/Desktop/robot/src/control_robot': PYTHONPATH=/home/vboxuser/Desktop/robot/build/control_robot/prefix_override:/usr/lib/python3/dist-packages/colcon_core/task/python/colcon_distutils_commands:/home/vboxuser/Desktop/robot/install/control_robot/lib/python3.10/site-packages: /usr/bin/python3 -W ignore:setup.py install is deprecated setup.py egg_info --egg-base ../../build/control_robot build --build-base /home/vboxuser/Desktop/robot/build/control_robot/build install --record /home/vboxuser/Desktop/robot/build/control_robot/install.log --single-version-externally-managed install_data
[0.827s] running egg_info
[0.827s] writing ../../build/control_robot/control_robot.egg-info/PKG-INFO
[0.827s] writing dependency_links to ../../build/control_robot/control_robot.egg-info/dependency_links.txt
[0.828s] writing entry points to ../../build/control_robot/control_robot.egg-info/entry_points.txt
[0.828s] writing requirements to ../../build/control_robot/control_robot.egg-info/requires.txt
[0.828s] writing top-level names to ../../build/control_robot/control_robot.egg-info/top_level.txt
[0.829s] reading manifest file '../../build/control_robot/control_robot.egg-info/SOURCES.txt'
[0.831s] adding license file 'LICENSE'
[0.832s] writing manifest file '../../build/control_robot/control_robot.egg-info/SOURCES.txt'
[0.832s] running build
[0.832s] running build_py
[0.832s] copying control_robot/robot.py -> /home/vboxuser/Desktop/robot/build/control_robot/build/lib/control_robot
[0.833s] running install
[0.833s] running install_lib
[0.834s] copying /home/vboxuser/Desktop/robot/build/control_robot/build/lib/control_robot/robot.py -> /home/vboxuser/Desktop/robot/install/control_robot/lib/python3.10/site-packages/control_robot
[0.834s] byte-compiling /home/vboxuser/Desktop/robot/install/control_robot/lib/python3.10/site-packages/control_robot/robot.py to robot.cpython-310.pyc
[0.835s] Sorry: IndentationError: unindent does not match any outer indentation level (robot.py, line 112)
[0.835s] running install_data
[0.835s] copying package.xml -> /home/vboxuser/Desktop/robot/install/control_robot/share/control_robot
[0.836s] running install_egg_info
[0.837s] removing '/home/vboxuser/Desktop/robot/install/control_robot/lib/python3.10/site-packages/control_robot-0.0.0-py3.10.egg-info' (and everything under it)
[0.839s] Copying ../../build/control_robot/control_robot.egg-info to /home/vboxuser/Desktop/robot/install/control_robot/lib/python3.10/site-packages/control_robot-0.0.0-py3.10.egg-info
[0.840s] running install_scripts
[0.860s] Installing a script to /home/vboxuser/Desktop/robot/install/control_robot/lib/control_robot
[0.861s] Installing robot script to /home/vboxuser/Desktop/robot/install/control_robot/lib/control_robot
[0.863s] writing list of installed files to '/home/vboxuser/Desktop/robot/build/control_robot/install.log'
[0.882s] Invoked command in '/home/vboxuser/Desktop/robot/src/control_robot' returned '0': PYTHONPATH=/home/vboxuser/Desktop/robot/build/control_robot/prefix_override:/usr/lib/python3/dist-packages/colcon_core/task/python/colcon_distutils_commands:/home/vboxuser/Desktop/robot/install/control_robot/lib/python3.10/site-packages: /usr/bin/python3 -W ignore:setup.py install is deprecated setup.py egg_info --egg-base ../../build/control_robot build --build-base /home/vboxuser/Desktop/robot/build/control_robot/build install --record /home/vboxuser/Desktop/robot/build/control_robot/install.log --single-version-externally-managed install_data
