[0.949s] Invoking command in '/home/vboxuser/Desktop/robot/src/control_robot': PYTHONPATH=/home/vboxuser/Desktop/robot/build/control_robot/prefix_override:/usr/lib/python3/dist-packages/colcon_core/task/python/colcon_distutils_commands:/home/vboxuser/Desktop/robot/install/control_robot/lib/python3.10/site-packages:${PYTHONPATH} /usr/bin/python3 -W ignore:setup.py install is deprecated setup.py egg_info --egg-base ../../build/control_robot build --build-base /home/vboxuser/Desktop/robot/build/control_robot/build install --record /home/vboxuser/Desktop/robot/build/control_robot/install.log --single-version-externally-managed install_data
[1.472s] running egg_info
[1.473s] writing ../../build/control_robot/control_robot.egg-info/PKG-INFO
[1.474s] writing dependency_links to ../../build/control_robot/control_robot.egg-info/dependency_links.txt
[1.474s] writing entry points to ../../build/control_robot/control_robot.egg-info/entry_points.txt
[1.474s] writing requirements to ../../build/control_robot/control_robot.egg-info/requires.txt
[1.474s] writing top-level names to ../../build/control_robot/control_robot.egg-info/top_level.txt
[1.479s] reading manifest file '../../build/control_robot/control_robot.egg-info/SOURCES.txt'
[1.484s] adding license file 'LICENSE'
[1.488s] writing manifest file '../../build/control_robot/control_robot.egg-info/SOURCES.txt'
[1.491s] running build
[1.491s] running build_py
[1.492s] copying control_robot/robot.py -> /home/vboxuser/Desktop/robot/build/control_robot/build/lib/control_robot
[1.492s] running install
[1.493s] running install_lib
[1.496s] copying /home/vboxuser/Desktop/robot/build/control_robot/build/lib/control_robot/robot.py -> /home/vboxuser/Desktop/robot/install/control_robot/lib/python3.10/site-packages/control_robot
[1.513s] byte-compiling /home/vboxuser/Desktop/robot/install/control_robot/lib/python3.10/site-packages/control_robot/robot.py to robot.cpython-310.pyc
[1.517s] running install_data
[1.517s] running install_egg_info
[1.525s] removing '/home/vboxuser/Desktop/robot/install/control_robot/lib/python3.10/site-packages/control_robot-0.0.0-py3.10.egg-info' (and everything under it)
[1.531s] Copying ../../build/control_robot/control_robot.egg-info to /home/vboxuser/Desktop/robot/install/control_robot/lib/python3.10/site-packages/control_robot-0.0.0-py3.10.egg-info
[1.532s] running install_scripts
[1.570s] Installing a script to /home/vboxuser/Desktop/robot/install/control_robot/lib/control_robot
[1.570s] Installing robot script to /home/vboxuser/Desktop/robot/install/control_robot/lib/control_robot
[1.571s] writing list of installed files to '/home/vboxuser/Desktop/robot/build/control_robot/install.log'
[1.666s] Invoked command in '/home/vboxuser/Desktop/robot/src/control_robot' returned '0': PYTHONPATH=/home/vboxuser/Desktop/robot/build/control_robot/prefix_override:/usr/lib/python3/dist-packages/colcon_core/task/python/colcon_distutils_commands:/home/vboxuser/Desktop/robot/install/control_robot/lib/python3.10/site-packages:${PYTHONPATH} /usr/bin/python3 -W ignore:setup.py install is deprecated setup.py egg_info --egg-base ../../build/control_robot build --build-base /home/vboxuser/Desktop/robot/build/control_robot/build install --record /home/vboxuser/Desktop/robot/build/control_robot/install.log --single-version-externally-managed install_data
