[0.513s] Invoking command in '/home/vboxuser/Desktop/robot/src/control_robot': PYTHONPATH=/home/vboxuser/Desktop/robot/build/control_robot/prefix_override:/usr/lib/python3/dist-packages/colcon_core/task/python/colcon_distutils_commands:/home/vboxuser/Desktop/robot/install/control_robot/lib/python3.10/site-packages:${PYTHONPATH} /usr/bin/python3 -W ignore:setup.py install is deprecated setup.py egg_info --egg-base ../../build/control_robot build --build-base /home/vboxuser/Desktop/robot/build/control_robot/build install --record /home/vboxuser/Desktop/robot/build/control_robot/install.log --single-version-externally-managed install_data
[0.648s] running egg_info
[0.648s] writing ../../build/control_robot/control_robot.egg-info/PKG-INFO
[0.648s] writing dependency_links to ../../build/control_robot/control_robot.egg-info/dependency_links.txt
[0.648s] writing entry points to ../../build/control_robot/control_robot.egg-info/entry_points.txt
[0.648s] writing requirements to ../../build/control_robot/control_robot.egg-info/requires.txt
[0.648s] writing top-level names to ../../build/control_robot/control_robot.egg-info/top_level.txt
[0.654s] reading manifest file '../../build/control_robot/control_robot.egg-info/SOURCES.txt'
[0.663s] adding license file 'LICENSE'
[0.663s] writing manifest file '../../build/control_robot/control_robot.egg-info/SOURCES.txt'
[0.663s] running build
[0.663s] running build_py
[0.664s] copying control_robot/robot.py -> /home/vboxuser/Desktop/robot/build/control_robot/build/lib/control_robot
[0.664s] running install
[0.664s] running install_lib
[0.664s] copying /home/vboxuser/Desktop/robot/build/control_robot/build/lib/control_robot/robot.py -> /home/vboxuser/Desktop/robot/install/control_robot/lib/python3.10/site-packages/control_robot
[0.664s] byte-compiling /home/vboxuser/Desktop/robot/install/control_robot/lib/python3.10/site-packages/control_robot/robot.py to robot.cpython-310.pyc
[0.664s]   File "/home/vboxuser/Desktop/robot/install/control_robot/lib/python3.10/site-packages/control_robot/robot.py", line 25
[0.664s]     self.cli_set_state = self.create_client(SetEntityState, '/gazebo/set_entity_state)
[0.664s]                                                             ^
[0.664s] SyntaxError: unterminated string literal (detected at line 25)
[0.664s] 
[0.664s] running install_data
[0.665s] running install_egg_info
[0.665s] removing '/home/vboxuser/Desktop/robot/install/control_robot/lib/python3.10/site-packages/control_robot-0.0.0-py3.10.egg-info' (and everything under it)
[0.665s] Copying ../../build/control_robot/control_robot.egg-info to /home/vboxuser/Desktop/robot/install/control_robot/lib/python3.10/site-packages/control_robot-0.0.0-py3.10.egg-info
[0.665s] running install_scripts
[0.687s] Installing robot script to /home/vboxuser/Desktop/robot/install/control_robot/lib/control_robot
[0.688s] writing list of installed files to '/home/vboxuser/Desktop/robot/build/control_robot/install.log'
[0.710s] Invoked command in '/home/vboxuser/Desktop/robot/src/control_robot' returned '0': PYTHONPATH=/home/vboxuser/Desktop/robot/build/control_robot/prefix_override:/usr/lib/python3/dist-packages/colcon_core/task/python/colcon_distutils_commands:/home/vboxuser/Desktop/robot/install/control_robot/lib/python3.10/site-packages:${PYTHONPATH} /usr/bin/python3 -W ignore:setup.py install is deprecated setup.py egg_info --egg-base ../../build/control_robot build --build-base /home/vboxuser/Desktop/robot/build/control_robot/build install --record /home/vboxuser/Desktop/robot/build/control_robot/install.log --single-version-externally-managed install_data
