[1.208s] Invoking command in '/home/vboxuser/Desktop/robot/src/control_robot': PYTHONPATH=/home/vboxuser/Desktop/robot/build/control_robot/prefix_override:/usr/lib/python3/dist-packages/colcon_core/task/python/colcon_distutils_commands:/home/vboxuser/Desktop/robot/install/control_robot/lib/python3.10/site-packages:${PYTHONPATH} /usr/bin/python3 -W ignore:setup.py install is deprecated setup.py egg_info --egg-base ../../build/control_robot build --build-base /home/vboxuser/Desktop/robot/build/control_robot/build install --record /home/vboxuser/Desktop/robot/build/control_robot/install.log --single-version-externally-managed install_data
[1.456s] running egg_info
[1.463s] writing ../../build/control_robot/control_robot.egg-info/PKG-INFO
[1.463s] writing dependency_links to ../../build/control_robot/control_robot.egg-info/dependency_links.txt
[1.463s] writing entry points to ../../build/control_robot/control_robot.egg-info/entry_points.txt
[1.463s] writing requirements to ../../build/control_robot/control_robot.egg-info/requires.txt
[1.463s] writing top-level names to ../../build/control_robot/control_robot.egg-info/top_level.txt
[1.467s] reading manifest file '../../build/control_robot/control_robot.egg-info/SOURCES.txt'
[1.474s] adding license file 'LICENSE'
[1.474s] writing manifest file '../../build/control_robot/control_robot.egg-info/SOURCES.txt'
[1.475s] running build
[1.476s] running build_py
[1.477s] copying control_robot/robot.py -> /home/vboxuser/Desktop/robot/build/control_robot/build/lib/control_robot
[1.478s] running install
[1.484s] running install_lib
[1.486s] copying /home/vboxuser/Desktop/robot/build/control_robot/build/lib/control_robot/robot.py -> /home/vboxuser/Desktop/robot/install/control_robot/lib/python3.10/site-packages/control_robot
[1.495s] byte-compiling /home/vboxuser/Desktop/robot/install/control_robot/lib/python3.10/site-packages/control_robot/robot.py to robot.cpython-310.pyc
[1.495s] running install_data
[1.495s] running install_egg_info
[1.525s] removing '/home/vboxuser/Desktop/robot/install/control_robot/lib/python3.10/site-packages/control_robot-0.0.0-py3.10.egg-info' (and everything under it)
[1.525s] Copying ../../build/control_robot/control_robot.egg-info to /home/vboxuser/Desktop/robot/install/control_robot/lib/python3.10/site-packages/control_robot-0.0.0-py3.10.egg-info
[1.528s] running install_scripts
[1.552s] Installing a script to /home/vboxuser/Desktop/robot/install/control_robot/lib/control_robot
[1.555s] Installing robot script to /home/vboxuser/Desktop/robot/install/control_robot/lib/control_robot
[1.556s] writing list of installed files to '/home/vboxuser/Desktop/robot/build/control_robot/install.log'
[1.600s] Invoked command in '/home/vboxuser/Desktop/robot/src/control_robot' returned '0': PYTHONPATH=/home/vboxuser/Desktop/robot/build/control_robot/prefix_override:/usr/lib/python3/dist-packages/colcon_core/task/python/colcon_distutils_commands:/home/vboxuser/Desktop/robot/install/control_robot/lib/python3.10/site-packages:${PYTHONPATH} /usr/bin/python3 -W ignore:setup.py install is deprecated setup.py egg_info --egg-base ../../build/control_robot build --build-base /home/vboxuser/Desktop/robot/build/control_robot/build install --record /home/vboxuser/Desktop/robot/build/control_robot/install.log --single-version-externally-managed install_data
