running egg_info
creating ../../build/control_robot/control_robot.egg-info
writing ../../build/control_robot/control_robot.egg-info/PKG-INFO
writing dependency_links to ../../build/control_robot/control_robot.egg-info/dependency_links.txt
writing entry points to ../../build/control_robot/control_robot.egg-info/entry_points.txt
writing requirements to ../../build/control_robot/control_robot.egg-info/requires.txt
writing top-level names to ../../build/control_robot/control_robot.egg-info/top_level.txt
writing manifest file '../../build/control_robot/control_robot.egg-info/SOURCES.txt'
reading manifest file '../../build/control_robot/control_robot.egg-info/SOURCES.txt'
adding license file 'LICENSE'
writing manifest file '../../build/control_robot/control_robot.egg-info/SOURCES.txt'
running build
running build_py
creating /home/vboxuser/Desktop/robot/build/control_robot/build
creating /home/vboxuser/Desktop/robot/build/control_robot/build/lib
creating /home/vboxuser/Desktop/robot/build/control_robot/build/lib/control_robot
copying control_robot/__init__.py -> /home/vboxuser/Desktop/robot/build/control_robot/build/lib/control_robot
copying control_robot/robot.py -> /home/vboxuser/Desktop/robot/build/control_robot/build/lib/control_robot
running install
running install_lib
creating /home/vboxuser/Desktop/robot/install/control_robot/lib/python3.10/site-packages/control_robot
copying /home/vboxuser/Desktop/robot/build/control_robot/build/lib/control_robot/__init__.py -> /home/vboxuser/Desktop/robot/install/control_robot/lib/python3.10/site-packages/control_robot
copying /home/vboxuser/Desktop/robot/build/control_robot/build/lib/control_robot/robot.py -> /home/vboxuser/Desktop/robot/install/control_robot/lib/python3.10/site-packages/control_robot
byte-compiling /home/vboxuser/Desktop/robot/install/control_robot/lib/python3.10/site-packages/control_robot/__init__.py to __init__.cpython-310.pyc
byte-compiling /home/vboxuser/Desktop/robot/install/control_robot/lib/python3.10/site-packages/control_robot/robot.py to robot.cpython-310.pyc
running install_data
creating /home/vboxuser/Desktop/robot/install/control_robot/share/ament_index
creating /home/vboxuser/Desktop/robot/install/control_robot/share/ament_index/resource_index
creating /home/vboxuser/Desktop/robot/install/control_robot/share/ament_index/resource_index/packages
copying resource/control_robot -> /home/vboxuser/Desktop/robot/install/control_robot/share/ament_index/resource_index/packages
copying package.xml -> /home/vboxuser/Desktop/robot/install/control_robot/share/control_robot
running install_egg_info
Copying ../../build/control_robot/control_robot.egg-info to /home/vboxuser/Desktop/robot/install/control_robot/lib/python3.10/site-packages/control_robot-0.0.0-py3.10.egg-info
running install_scripts
Installing robot script to /home/vboxuser/Desktop/robot/install/control_robot/lib/control_robot
writing list of installed files to '/home/vboxuser/Desktop/robot/build/control_robot/install.log'
