[0.129s] DEBUG:colcon:Command line arguments: ['/usr/bin/colcon', 'build']
[0.129s] DEBUG:colcon:Parsed command line arguments: Namespace(log_base=None, log_level=None, verb_name='build', build_base='build', install_base='install', merge_install=False, symlink_install=False, test_result_base=None, continue_on_error=False, executor='parallel', parallel_workers=5, event_handlers=None, ignore_user_meta=False, metas=['./colcon.meta'], base_paths=['.'], packages_ignore=None, packages_ignore_regex=None, paths=None, packages_up_to=None, packages_up_to_regex=None, packages_above=None, packages_above_and_dependencies=None, packages_above_depth=None, packages_select_by_dep=None, packages_skip_by_dep=None, packages_skip_up_to=None, packages_select_build_failed=False, packages_skip_build_finished=False, packages_select_test_failures=False, packages_skip_test_passed=False, packages_select=None, packages_skip=None, packages_select_regex=None, packages_skip_regex=None, packages_start=None, packages_end=None, allow_overriding=[], cmake_args=None, cmake_target=None, cmake_target_skip_unavailable=False, cmake_clean_cache=False, cmake_clean_first=False, cmake_force_configure=False, ament_cmake_args=None, catkin_cmake_args=None, catkin_skip_building_tests=False, verb_parser=<colcon_defaults.argument_parser.defaults.DefaultArgumentsDecorator object at 0x721fd0c546d0>, verb_extension=<colcon_core.verb.build.BuildVerb object at 0x721fd0c54280>, main=<bound method BuildVerb.main of <colcon_core.verb.build.BuildVerb object at 0x721fd0c54280>>)
[0.246s] Level 1:colcon.colcon_core.package_discovery:discover_packages(colcon_meta) check parameters
[0.246s] Level 1:colcon.colcon_core.package_discovery:discover_packages(recursive) check parameters
[0.246s] Level 1:colcon.colcon_core.package_discovery:discover_packages(ignore) check parameters
[0.246s] Level 1:colcon.colcon_core.package_discovery:discover_packages(path) check parameters
[0.246s] Level 1:colcon.colcon_core.package_discovery:discover_packages(colcon_meta) discover
[0.246s] Level 1:colcon.colcon_core.package_discovery:discover_packages(recursive) discover
[0.246s] INFO:colcon.colcon_core.package_discovery:Crawling recursively for packages in '/home/vboxuser/Desktop/robot'
[0.246s] Level 1:colcon.colcon_core.package_identification:_identify(.) by extensions ['ignore', 'ignore_ament_install']
[0.246s] Level 1:colcon.colcon_core.package_identification:_identify(.) by extension 'ignore'
[0.246s] Level 1:colcon.colcon_core.package_identification:_identify(.) by extension 'ignore_ament_install'
[0.246s] Level 1:colcon.colcon_core.package_identification:_identify(.) by extensions ['colcon_pkg']
[0.246s] Level 1:colcon.colcon_core.package_identification:_identify(.) by extension 'colcon_pkg'
[0.246s] Level 1:colcon.colcon_core.package_identification:_identify(.) by extensions ['colcon_meta']
[0.246s] Level 1:colcon.colcon_core.package_identification:_identify(.) by extension 'colcon_meta'
[0.246s] Level 1:colcon.colcon_core.package_identification:_identify(.) by extensions ['ros']
[0.246s] Level 1:colcon.colcon_core.package_identification:_identify(.) by extension 'ros'
[0.255s] Level 1:colcon.colcon_core.package_identification:_identify(.) by extensions ['cmake', 'python']
[0.255s] Level 1:colcon.colcon_core.package_identification:_identify(.) by extension 'cmake'
[0.255s] Level 1:colcon.colcon_core.package_identification:_identify(.) by extension 'python'
[0.255s] Level 1:colcon.colcon_core.package_identification:_identify(.) by extensions ['python_setup_py']
[0.255s] Level 1:colcon.colcon_core.package_identification:_identify(.) by extension 'python_setup_py'
[0.255s] Level 1:colcon.colcon_core.package_identification:_identify(build) by extensions ['ignore', 'ignore_ament_install']
[0.255s] Level 1:colcon.colcon_core.package_identification:_identify(build) by extension 'ignore'
[0.255s] Level 1:colcon.colcon_core.package_identification:_identify(build) ignored
[0.255s] Level 1:colcon.colcon_core.package_identification:_identify(install) by extensions ['ignore', 'ignore_ament_install']
[0.255s] Level 1:colcon.colcon_core.package_identification:_identify(install) by extension 'ignore'
[0.255s] Level 1:colcon.colcon_core.package_identification:_identify(install) ignored
[0.256s] Level 1:colcon.colcon_core.package_identification:_identify(log) by extensions ['ignore', 'ignore_ament_install']
[0.256s] Level 1:colcon.colcon_core.package_identification:_identify(log) by extension 'ignore'
[0.256s] Level 1:colcon.colcon_core.package_identification:_identify(log) ignored
[0.256s] Level 1:colcon.colcon_core.package_identification:_identify(src) by extensions ['ignore', 'ignore_ament_install']
[0.256s] Level 1:colcon.colcon_core.package_identification:_identify(src) by extension 'ignore'
[0.256s] Level 1:colcon.colcon_core.package_identification:_identify(src) by extension 'ignore_ament_install'
[0.256s] Level 1:colcon.colcon_core.package_identification:_identify(src) by extensions ['colcon_pkg']
[0.256s] Level 1:colcon.colcon_core.package_identification:_identify(src) by extension 'colcon_pkg'
[0.256s] Level 1:colcon.colcon_core.package_identification:_identify(src) by extensions ['colcon_meta']
[0.256s] Level 1:colcon.colcon_core.package_identification:_identify(src) by extension 'colcon_meta'
[0.256s] Level 1:colcon.colcon_core.package_identification:_identify(src) by extensions ['ros']
[0.256s] Level 1:colcon.colcon_core.package_identification:_identify(src) by extension 'ros'
[0.256s] Level 1:colcon.colcon_core.package_identification:_identify(src) by extensions ['cmake', 'python']
[0.256s] Level 1:colcon.colcon_core.package_identification:_identify(src) by extension 'cmake'
[0.256s] Level 1:colcon.colcon_core.package_identification:_identify(src) by extension 'python'
[0.256s] Level 1:colcon.colcon_core.package_identification:_identify(src) by extensions ['python_setup_py']
[0.256s] Level 1:colcon.colcon_core.package_identification:_identify(src) by extension 'python_setup_py'
[0.256s] Level 1:colcon.colcon_core.package_identification:_identify(src/control_robot) by extensions ['ignore', 'ignore_ament_install']
[0.256s] Level 1:colcon.colcon_core.package_identification:_identify(src/control_robot) by extension 'ignore'
[0.256s] Level 1:colcon.colcon_core.package_identification:_identify(src/control_robot) by extension 'ignore_ament_install'
[0.256s] Level 1:colcon.colcon_core.package_identification:_identify(src/control_robot) by extensions ['colcon_pkg']
[0.256s] Level 1:colcon.colcon_core.package_identification:_identify(src/control_robot) by extension 'colcon_pkg'
[0.256s] Level 1:colcon.colcon_core.package_identification:_identify(src/control_robot) by extensions ['colcon_meta']
[0.256s] Level 1:colcon.colcon_core.package_identification:_identify(src/control_robot) by extension 'colcon_meta'
[0.256s] Level 1:colcon.colcon_core.package_identification:_identify(src/control_robot) by extensions ['ros']
[0.256s] Level 1:colcon.colcon_core.package_identification:_identify(src/control_robot) by extension 'ros'
[0.258s] DEBUG:colcon.colcon_core.package_identification:Package 'src/control_robot' with type 'ros.ament_python' and name 'control_robot'
[0.258s] Level 1:colcon.colcon_core.package_identification:_identify(src/two_wheeled_robot) by extensions ['ignore', 'ignore_ament_install']
[0.258s] Level 1:colcon.colcon_core.package_identification:_identify(src/two_wheeled_robot) by extension 'ignore'
[0.258s] Level 1:colcon.colcon_core.package_identification:_identify(src/two_wheeled_robot) by extension 'ignore_ament_install'
[0.258s] Level 1:colcon.colcon_core.package_identification:_identify(src/two_wheeled_robot) by extensions ['colcon_pkg']
[0.258s] Level 1:colcon.colcon_core.package_identification:_identify(src/two_wheeled_robot) by extension 'colcon_pkg'
[0.259s] Level 1:colcon.colcon_core.package_identification:_identify(src/two_wheeled_robot) by extensions ['colcon_meta']
[0.259s] Level 1:colcon.colcon_core.package_identification:_identify(src/two_wheeled_robot) by extension 'colcon_meta'
[0.259s] Level 1:colcon.colcon_core.package_identification:_identify(src/two_wheeled_robot) by extensions ['ros']
[0.259s] Level 1:colcon.colcon_core.package_identification:_identify(src/two_wheeled_robot) by extension 'ros'
[0.259s] DEBUG:colcon.colcon_core.package_identification:Package 'src/two_wheeled_robot' with type 'ros.ament_cmake' and name 'two_wheeled_robot'
[0.259s] Level 1:colcon.colcon_core.package_discovery:discover_packages(recursive) using defaults
[0.259s] Level 1:colcon.colcon_core.package_discovery:discover_packages(ignore) discover
[0.259s] Level 1:colcon.colcon_core.package_discovery:discover_packages(ignore) using defaults
[0.259s] Level 1:colcon.colcon_core.package_discovery:discover_packages(path) discover
[0.259s] Level 1:colcon.colcon_core.package_discovery:discover_packages(path) using defaults
[0.288s] Level 1:colcon.colcon_core.package_discovery:discover_packages(prefix_path) check parameters
[0.288s] Level 1:colcon.colcon_core.package_discovery:discover_packages(prefix_path) discover
[0.296s] DEBUG:colcon.colcon_installed_package_information.package_discovery:Found 2 installed packages in /home/vboxuser/Desktop/robot/install
[0.297s] DEBUG:colcon.colcon_installed_package_information.package_discovery:Found 315 installed packages in /opt/ros/humble
[0.298s] Level 1:colcon.colcon_core.package_discovery:discover_packages(prefix_path) using defaults
[0.344s] Level 5:colcon.colcon_core.verb:set package 'control_robot' build argument 'cmake_args' from command line to 'None'
[0.344s] Level 5:colcon.colcon_core.verb:set package 'control_robot' build argument 'cmake_target' from command line to 'None'
[0.344s] Level 5:colcon.colcon_core.verb:set package 'control_robot' build argument 'cmake_target_skip_unavailable' from command line to 'False'
[0.344s] Level 5:colcon.colcon_core.verb:set package 'control_robot' build argument 'cmake_clean_cache' from command line to 'False'
[0.344s] Level 5:colcon.colcon_core.verb:set package 'control_robot' build argument 'cmake_clean_first' from command line to 'False'
[0.344s] Level 5:colcon.colcon_core.verb:set package 'control_robot' build argument 'cmake_force_configure' from command line to 'False'
[0.344s] Level 5:colcon.colcon_core.verb:set package 'control_robot' build argument 'ament_cmake_args' from command line to 'None'
[0.344s] Level 5:colcon.colcon_core.verb:set package 'control_robot' build argument 'catkin_cmake_args' from command line to 'None'
[0.344s] Level 5:colcon.colcon_core.verb:set package 'control_robot' build argument 'catkin_skip_building_tests' from command line to 'False'
[0.344s] DEBUG:colcon.colcon_core.verb:Building package 'control_robot' with the following arguments: {'ament_cmake_args': None, 'build_base': '/home/vboxuser/Desktop/robot/build/control_robot', 'catkin_cmake_args': None, 'catkin_skip_building_tests': False, 'cmake_args': None, 'cmake_clean_cache': False, 'cmake_clean_first': False, 'cmake_force_configure': False, 'cmake_target': None, 'cmake_target_skip_unavailable': False, 'install_base': '/home/vboxuser/Desktop/robot/install/control_robot', 'merge_install': False, 'path': '/home/vboxuser/Desktop/robot/src/control_robot', 'symlink_install': False, 'test_result_base': None}
[0.344s] Level 5:colcon.colcon_core.verb:set package 'two_wheeled_robot' build argument 'cmake_args' from command line to 'None'
[0.344s] Level 5:colcon.colcon_core.verb:set package 'two_wheeled_robot' build argument 'cmake_target' from command line to 'None'
[0.344s] Level 5:colcon.colcon_core.verb:set package 'two_wheeled_robot' build argument 'cmake_target_skip_unavailable' from command line to 'False'
[0.344s] Level 5:colcon.colcon_core.verb:set package 'two_wheeled_robot' build argument 'cmake_clean_cache' from command line to 'False'
[0.344s] Level 5:colcon.colcon_core.verb:set package 'two_wheeled_robot' build argument 'cmake_clean_first' from command line to 'False'
[0.344s] Level 5:colcon.colcon_core.verb:set package 'two_wheeled_robot' build argument 'cmake_force_configure' from command line to 'False'
[0.344s] Level 5:colcon.colcon_core.verb:set package 'two_wheeled_robot' build argument 'ament_cmake_args' from command line to 'None'
[0.344s] Level 5:colcon.colcon_core.verb:set package 'two_wheeled_robot' build argument 'catkin_cmake_args' from command line to 'None'
[0.344s] Level 5:colcon.colcon_core.verb:set package 'two_wheeled_robot' build argument 'catkin_skip_building_tests' from command line to 'False'
[0.344s] DEBUG:colcon.colcon_core.verb:Building package 'two_wheeled_robot' with the following arguments: {'ament_cmake_args': None, 'build_base': '/home/vboxuser/Desktop/robot/build/two_wheeled_robot', 'catkin_cmake_args': None, 'catkin_skip_building_tests': False, 'cmake_args': None, 'cmake_clean_cache': False, 'cmake_clean_first': False, 'cmake_force_configure': False, 'cmake_target': None, 'cmake_target_skip_unavailable': False, 'install_base': '/home/vboxuser/Desktop/robot/install/two_wheeled_robot', 'merge_install': False, 'path': '/home/vboxuser/Desktop/robot/src/two_wheeled_robot', 'symlink_install': False, 'test_result_base': None}
[0.344s] INFO:colcon.colcon_core.executor:Executing jobs using 'parallel' executor
[0.345s] DEBUG:colcon.colcon_parallel_executor.executor.parallel:run_until_complete
[0.345s] INFO:colcon.colcon_ros.task.ament_python.build:Building ROS package in '/home/vboxuser/Desktop/robot/src/control_robot' with build type 'ament_python'
[0.346s] Level 1:colcon.colcon_core.shell:create_environment_hook('control_robot', 'ament_prefix_path')
[0.347s] INFO:colcon.colcon_core.plugin_system:Skipping extension 'colcon_core.shell.bat': Not used on non-Windows systems
[0.347s] INFO:colcon.colcon_core.shell:Creating environment hook '/home/vboxuser/Desktop/robot/install/control_robot/share/control_robot/hook/ament_prefix_path.ps1'
[0.348s] INFO:colcon.colcon_core.shell:Creating environment descriptor '/home/vboxuser/Desktop/robot/install/control_robot/share/control_robot/hook/ament_prefix_path.dsv'
[0.348s] INFO:colcon.colcon_core.shell:Creating environment hook '/home/vboxuser/Desktop/robot/install/control_robot/share/control_robot/hook/ament_prefix_path.sh'
[0.349s] INFO:colcon.colcon_core.shell:Skip shell extension 'powershell' for command environment: Not usable outside of PowerShell
[0.349s] DEBUG:colcon.colcon_core.shell:Skip shell extension 'dsv' for command environment
[0.374s] INFO:colcon.colcon_ros.task.ament_cmake.build:Building ROS package in '/home/vboxuser/Desktop/robot/src/two_wheeled_robot' with build type 'ament_cmake'
[0.374s] INFO:colcon.colcon_cmake.task.cmake.build:Building CMake package in '/home/vboxuser/Desktop/robot/src/two_wheeled_robot'
[0.374s] INFO:colcon.colcon_core.shell:Skip shell extension 'powershell' for command environment: Not usable outside of PowerShell
[0.375s] DEBUG:colcon.colcon_core.shell:Skip shell extension 'dsv' for command environment
[0.638s] INFO:colcon.colcon_core.task.python.build:Building Python package in '/home/vboxuser/Desktop/robot/src/control_robot'
[0.639s] INFO:colcon.colcon_core.shell:Skip shell extension 'powershell' for command environment: Not usable outside of PowerShell
[0.639s] DEBUG:colcon.colcon_core.shell:Skip shell extension 'dsv' for command environment
[0.701s] DEBUG:colcon.colcon_core.event_handler.log_command:Invoking command in '/home/vboxuser/Desktop/robot/build/two_wheeled_robot': CMAKE_PREFIX_PATH=${CMAKE_PREFIX_PATH}:/home/vboxuser/Desktop/robot/install/control_robot:/opt/ros/humble /usr/bin/cmake --build /home/vboxuser/Desktop/robot/build/two_wheeled_robot -- -j5 -l5
[0.821s] DEBUG:colcon.colcon_core.event_handler.log_command:Invoked command in '/home/vboxuser/Desktop/robot/build/two_wheeled_robot' returned '0': CMAKE_PREFIX_PATH=${CMAKE_PREFIX_PATH}:/home/vboxuser/Desktop/robot/install/control_robot:/opt/ros/humble /usr/bin/cmake --build /home/vboxuser/Desktop/robot/build/two_wheeled_robot -- -j5 -l5
[1.003s] DEBUG:colcon.colcon_core.event_handler.log_command:Invoking command in '/home/vboxuser/Desktop/robot/build/two_wheeled_robot': CMAKE_PREFIX_PATH=${CMAKE_PREFIX_PATH}:/home/vboxuser/Desktop/robot/install/control_robot:/opt/ros/humble /usr/bin/cmake --install /home/vboxuser/Desktop/robot/build/two_wheeled_robot
[1.074s] Level 1:colcon.colcon_core.environment:create_environment_scripts_only(two_wheeled_robot)
[1.076s] Level 1:colcon.colcon_core.environment:checking '/home/vboxuser/Desktop/robot/install/two_wheeled_robot' for CMake module files
[1.080s] DEBUG:colcon.colcon_core.event_handler.log_command:Invoked command in '/home/vboxuser/Desktop/robot/build/two_wheeled_robot' returned '0': CMAKE_PREFIX_PATH=${CMAKE_PREFIX_PATH}:/home/vboxuser/Desktop/robot/install/control_robot:/opt/ros/humble /usr/bin/cmake --install /home/vboxuser/Desktop/robot/build/two_wheeled_robot
[1.084s] Level 1:colcon.colcon_core.environment:checking '/home/vboxuser/Desktop/robot/install/two_wheeled_robot' for CMake config files
[1.089s] Level 1:colcon.colcon_core.shell:create_environment_hook('two_wheeled_robot', 'cmake_prefix_path')
[1.089s] INFO:colcon.colcon_core.shell:Creating environment hook '/home/vboxuser/Desktop/robot/install/two_wheeled_robot/share/two_wheeled_robot/hook/cmake_prefix_path.ps1'
[1.098s] INFO:colcon.colcon_core.shell:Creating environment descriptor '/home/vboxuser/Desktop/robot/install/two_wheeled_robot/share/two_wheeled_robot/hook/cmake_prefix_path.dsv'
[1.099s] INFO:colcon.colcon_core.shell:Creating environment hook '/home/vboxuser/Desktop/robot/install/two_wheeled_robot/share/two_wheeled_robot/hook/cmake_prefix_path.sh'
[1.102s] Level 1:colcon.colcon_core.environment:checking '/home/vboxuser/Desktop/robot/install/two_wheeled_robot/bin'
[1.102s] Level 1:colcon.colcon_core.environment:checking '/home/vboxuser/Desktop/robot/install/two_wheeled_robot/lib/pkgconfig/two_wheeled_robot.pc'
[1.103s] Level 1:colcon.colcon_core.environment:checking '/home/vboxuser/Desktop/robot/install/two_wheeled_robot/lib/python3.10/site-packages'
[1.103s] Level 1:colcon.colcon_core.environment:checking '/home/vboxuser/Desktop/robot/install/two_wheeled_robot/bin'
[1.103s] INFO:colcon.colcon_core.shell:Creating package script '/home/vboxuser/Desktop/robot/install/two_wheeled_robot/share/two_wheeled_robot/package.ps1'
[1.159s] INFO:colcon.colcon_core.shell:Creating package descriptor '/home/vboxuser/Desktop/robot/install/two_wheeled_robot/share/two_wheeled_robot/package.dsv'
[1.170s] INFO:colcon.colcon_core.shell:Creating package script '/home/vboxuser/Desktop/robot/install/two_wheeled_robot/share/two_wheeled_robot/package.sh'
[1.179s] INFO:colcon.colcon_core.shell:Creating package script '/home/vboxuser/Desktop/robot/install/two_wheeled_robot/share/two_wheeled_robot/package.bash'
[1.203s] INFO:colcon.colcon_core.shell:Creating package script '/home/vboxuser/Desktop/robot/install/two_wheeled_robot/share/two_wheeled_robot/package.zsh'
[1.204s] Level 1:colcon.colcon_core.environment:create_file_with_runtime_dependencies(/home/vboxuser/Desktop/robot/install/two_wheeled_robot/share/colcon-core/packages/two_wheeled_robot)
[1.359s] Level 1:colcon.colcon_core.environment:create_environment_scripts_only(two_wheeled_robot)
[1.360s] Level 1:colcon.colcon_core.environment:checking '/home/vboxuser/Desktop/robot/install/two_wheeled_robot' for CMake module files
[1.360s] Level 1:colcon.colcon_core.environment:checking '/home/vboxuser/Desktop/robot/install/two_wheeled_robot' for CMake config files
[1.360s] Level 1:colcon.colcon_core.shell:create_environment_hook('two_wheeled_robot', 'cmake_prefix_path')
[1.361s] INFO:colcon.colcon_core.shell:Creating environment hook '/home/vboxuser/Desktop/robot/install/two_wheeled_robot/share/two_wheeled_robot/hook/cmake_prefix_path.ps1'
[1.363s] DEBUG:colcon.colcon_core.event_handler.log_command:Invoking command in '/home/vboxuser/Desktop/robot/src/control_robot': PYTHONPATH=/home/vboxuser/Desktop/robot/build/control_robot/prefix_override:/usr/lib/python3/dist-packages/colcon_core/task/python/colcon_distutils_commands:/home/vboxuser/Desktop/robot/install/control_robot/lib/python3.10/site-packages:${PYTHONPATH} /usr/bin/python3 -W ignore:setup.py install is deprecated setup.py egg_info --egg-base ../../build/control_robot build --build-base /home/vboxuser/Desktop/robot/build/control_robot/build install --record /home/vboxuser/Desktop/robot/build/control_robot/install.log --single-version-externally-managed install_data
[1.367s] INFO:colcon.colcon_core.shell:Creating environment descriptor '/home/vboxuser/Desktop/robot/install/two_wheeled_robot/share/two_wheeled_robot/hook/cmake_prefix_path.dsv'
[1.369s] INFO:colcon.colcon_core.shell:Creating environment hook '/home/vboxuser/Desktop/robot/install/two_wheeled_robot/share/two_wheeled_robot/hook/cmake_prefix_path.sh'
[1.402s] Level 1:colcon.colcon_core.environment:checking '/home/vboxuser/Desktop/robot/install/two_wheeled_robot/bin'
[1.402s] Level 1:colcon.colcon_core.environment:checking '/home/vboxuser/Desktop/robot/install/two_wheeled_robot/lib/pkgconfig/two_wheeled_robot.pc'
[1.402s] Level 1:colcon.colcon_core.environment:checking '/home/vboxuser/Desktop/robot/install/two_wheeled_robot/lib/python3.10/site-packages'
[1.402s] Level 1:colcon.colcon_core.environment:checking '/home/vboxuser/Desktop/robot/install/two_wheeled_robot/bin'
[1.402s] INFO:colcon.colcon_core.shell:Creating package script '/home/vboxuser/Desktop/robot/install/two_wheeled_robot/share/two_wheeled_robot/package.ps1'
[1.403s] INFO:colcon.colcon_core.shell:Creating package descriptor '/home/vboxuser/Desktop/robot/install/two_wheeled_robot/share/two_wheeled_robot/package.dsv'
[1.404s] INFO:colcon.colcon_core.shell:Creating package script '/home/vboxuser/Desktop/robot/install/two_wheeled_robot/share/two_wheeled_robot/package.sh'
[1.405s] INFO:colcon.colcon_core.shell:Creating package script '/home/vboxuser/Desktop/robot/install/two_wheeled_robot/share/two_wheeled_robot/package.bash'
[1.406s] INFO:colcon.colcon_core.shell:Creating package script '/home/vboxuser/Desktop/robot/install/two_wheeled_robot/share/two_wheeled_robot/package.zsh'
[1.406s] Level 1:colcon.colcon_core.environment:create_file_with_runtime_dependencies(/home/vboxuser/Desktop/robot/install/two_wheeled_robot/share/colcon-core/packages/two_wheeled_robot)
[1.751s] Level 1:colcon.colcon_core.environment:checking '/home/vboxuser/Desktop/robot/install/control_robot' for CMake module files
[1.754s] DEBUG:colcon.colcon_core.event_handler.log_command:Invoked command in '/home/vboxuser/Desktop/robot/src/control_robot' returned '0': PYTHONPATH=/home/vboxuser/Desktop/robot/build/control_robot/prefix_override:/usr/lib/python3/dist-packages/colcon_core/task/python/colcon_distutils_commands:/home/vboxuser/Desktop/robot/install/control_robot/lib/python3.10/site-packages:${PYTHONPATH} /usr/bin/python3 -W ignore:setup.py install is deprecated setup.py egg_info --egg-base ../../build/control_robot build --build-base /home/vboxuser/Desktop/robot/build/control_robot/build install --record /home/vboxuser/Desktop/robot/build/control_robot/install.log --single-version-externally-managed install_data
[1.754s] Level 1:colcon.colcon_core.environment:checking '/home/vboxuser/Desktop/robot/install/control_robot' for CMake config files
[1.754s] Level 1:colcon.colcon_core.environment:checking '/home/vboxuser/Desktop/robot/install/control_robot/lib'
[1.755s] Level 1:colcon.colcon_core.environment:checking '/home/vboxuser/Desktop/robot/install/control_robot/bin'
[1.755s] Level 1:colcon.colcon_core.environment:checking '/home/vboxuser/Desktop/robot/install/control_robot/lib/pkgconfig/control_robot.pc'
[1.755s] Level 1:colcon.colcon_core.environment:checking '/home/vboxuser/Desktop/robot/install/control_robot/lib/python3.10/site-packages'
[1.755s] Level 1:colcon.colcon_core.shell:create_environment_hook('control_robot', 'pythonpath')
[1.758s] INFO:colcon.colcon_core.shell:Creating environment hook '/home/vboxuser/Desktop/robot/install/control_robot/share/control_robot/hook/pythonpath.ps1'
[1.759s] INFO:colcon.colcon_core.shell:Creating environment descriptor '/home/vboxuser/Desktop/robot/install/control_robot/share/control_robot/hook/pythonpath.dsv'
[1.760s] INFO:colcon.colcon_core.shell:Creating environment hook '/home/vboxuser/Desktop/robot/install/control_robot/share/control_robot/hook/pythonpath.sh'
[1.760s] Level 1:colcon.colcon_core.environment:checking '/home/vboxuser/Desktop/robot/install/control_robot/bin'
[1.761s] Level 1:colcon.colcon_core.environment:create_environment_scripts_only(control_robot)
[1.761s] INFO:colcon.colcon_core.shell:Creating package script '/home/vboxuser/Desktop/robot/install/control_robot/share/control_robot/package.ps1'
[1.761s] INFO:colcon.colcon_core.shell:Creating package descriptor '/home/vboxuser/Desktop/robot/install/control_robot/share/control_robot/package.dsv'
[1.765s] INFO:colcon.colcon_core.shell:Creating package script '/home/vboxuser/Desktop/robot/install/control_robot/share/control_robot/package.sh'
[1.766s] INFO:colcon.colcon_core.shell:Creating package script '/home/vboxuser/Desktop/robot/install/control_robot/share/control_robot/package.bash'
[1.766s] INFO:colcon.colcon_core.shell:Creating package script '/home/vboxuser/Desktop/robot/install/control_robot/share/control_robot/package.zsh'
[1.769s] Level 1:colcon.colcon_core.environment:create_file_with_runtime_dependencies(/home/vboxuser/Desktop/robot/install/control_robot/share/colcon-core/packages/control_robot)
[1.770s] DEBUG:colcon.colcon_parallel_executor.executor.parallel:closing loop
[1.772s] DEBUG:colcon.colcon_parallel_executor.executor.parallel:loop closed
[1.772s] DEBUG:colcon.colcon_parallel_executor.executor.parallel:run_until_complete finished with '0'
[1.773s] DEBUG:colcon.colcon_core.event_reactor:joining thread
[1.777s] INFO:colcon.colcon_core.plugin_system:Skipping extension 'colcon_notification.desktop_notification.terminal_notifier': Not used on non-Darwin systems
[1.777s] INFO:colcon.colcon_core.plugin_system:Skipping extension 'colcon_notification.desktop_notification.win32': Not used on non-Windows systems
[1.777s] INFO:colcon.colcon_notification.desktop_notification:Sending desktop notification using 'notify2'
[1.820s] DEBUG:colcon.colcon_core.event_reactor:joined thread
[1.823s] INFO:colcon.colcon_core.shell:Creating prefix script '/home/vboxuser/Desktop/robot/install/local_setup.ps1'
[1.825s] INFO:colcon.colcon_core.shell:Creating prefix util module '/home/vboxuser/Desktop/robot/install/_local_setup_util_ps1.py'
[1.830s] INFO:colcon.colcon_core.shell:Creating prefix chain script '/home/vboxuser/Desktop/robot/install/setup.ps1'
[1.832s] INFO:colcon.colcon_core.shell:Creating prefix script '/home/vboxuser/Desktop/robot/install/local_setup.sh'
[1.833s] INFO:colcon.colcon_core.shell:Creating prefix util module '/home/vboxuser/Desktop/robot/install/_local_setup_util_sh.py'
[1.833s] INFO:colcon.colcon_core.shell:Creating prefix chain script '/home/vboxuser/Desktop/robot/install/setup.sh'
[1.835s] INFO:colcon.colcon_core.shell:Creating prefix script '/home/vboxuser/Desktop/robot/install/local_setup.bash'
[1.836s] INFO:colcon.colcon_core.shell:Creating prefix chain script '/home/vboxuser/Desktop/robot/install/setup.bash'
[1.844s] INFO:colcon.colcon_core.shell:Creating prefix script '/home/vboxuser/Desktop/robot/install/local_setup.zsh'
[1.848s] INFO:colcon.colcon_core.shell:Creating prefix chain script '/home/vboxuser/Desktop/robot/install/setup.zsh'
