[0.564s] Invoking command in '/home/vboxuser/Desktop/robot/src/control_robot': PYTHONPATH=/home/vboxuser/Desktop/robot/build/control_robot/prefix_override:/usr/lib/python3/dist-packages/colcon_core/task/python/colcon_distutils_commands:/home/vboxuser/Desktop/robot/install/control_robot/lib/python3.10/site-packages:${PYTHONPATH} /usr/bin/python3 -W ignore:setup.py install is deprecated setup.py egg_info --egg-base ../../build/control_robot build --build-base /home/vboxuser/Desktop/robot/build/control_robot/build install --record /home/vboxuser/Desktop/robot/build/control_robot/install.log --single-version-externally-managed install_data
[0.851s] running egg_info
[0.855s] writing ../../build/control_robot/control_robot.egg-info/PKG-INFO
[0.855s] writing dependency_links to ../../build/control_robot/control_robot.egg-info/dependency_links.txt
[0.855s] writing entry points to ../../build/control_robot/control_robot.egg-info/entry_points.txt
[0.856s] writing requirements to ../../build/control_robot/control_robot.egg-info/requires.txt
[0.857s] writing top-level names to ../../build/control_robot/control_robot.egg-info/top_level.txt
[0.861s] reading manifest file '../../build/control_robot/control_robot.egg-info/SOURCES.txt'
[0.862s] adding license file 'LICENSE'
[0.862s] writing manifest file '../../build/control_robot/control_robot.egg-info/SOURCES.txt'
[0.862s] running build
[0.863s] running build_py
[0.863s] copying control_robot/robot.py -> /home/vboxuser/Desktop/robot/build/control_robot/build/lib/control_robot
[0.863s] running install
[0.863s] running install_lib
[0.865s] copying /home/vboxuser/Desktop/robot/build/control_robot/build/lib/control_robot/robot.py -> /home/vboxuser/Desktop/robot/install/control_robot/lib/python3.10/site-packages/control_robot
[0.867s] byte-compiling /home/vboxuser/Desktop/robot/install/control_robot/lib/python3.10/site-packages/control_robot/robot.py to robot.cpython-310.pyc
[0.868s] running install_data
[0.870s] running install_egg_info
[0.870s] removing '/home/vboxuser/Desktop/robot/install/control_robot/lib/python3.10/site-packages/control_robot-0.0.0-py3.10.egg-info' (and everything under it)
[0.870s] Copying ../../build/control_robot/control_robot.egg-info to /home/vboxuser/Desktop/robot/install/control_robot/lib/python3.10/site-packages/control_robot-0.0.0-py3.10.egg-info
[0.871s] running install_scripts
[0.892s] Installing a script to /home/vboxuser/Desktop/robot/install/control_robot/lib/control_robot
[0.893s] Installing robot script to /home/vboxuser/Desktop/robot/install/control_robot/lib/control_robot
[0.894s] writing list of installed files to '/home/vboxuser/Desktop/robot/build/control_robot/install.log'
[0.931s] Invoked command in '/home/vboxuser/Desktop/robot/src/control_robot' returned '0': PYTHONPATH=/home/vboxuser/Desktop/robot/build/control_robot/prefix_override:/usr/lib/python3/dist-packages/colcon_core/task/python/colcon_distutils_commands:/home/vboxuser/Desktop/robot/install/control_robot/lib/python3.10/site-packages:${PYTHONPATH} /usr/bin/python3 -W ignore:setup.py install is deprecated setup.py egg_info --egg-base ../../build/control_robot build --build-base /home/vboxuser/Desktop/robot/build/control_robot/build install --record /home/vboxuser/Desktop/robot/build/control_robot/install.log --single-version-externally-managed install_data
