[0.831s] Invoking command in '/home/vboxuser/Desktop/robot/src/control_robot': PYTHONPATH=/home/vboxuser/Desktop/robot/build/control_robot/prefix_override:/usr/lib/python3/dist-packages/colcon_core/task/python/colcon_distutils_commands:/home/vboxuser/Desktop/robot/install/control_robot/lib/python3.10/site-packages:${PYTHONPATH} /usr/bin/python3 -W ignore:setup.py install is deprecated setup.py egg_info --egg-base ../../build/control_robot build --build-base /home/vboxuser/Desktop/robot/build/control_robot/build install --record /home/vboxuser/Desktop/robot/build/control_robot/install.log --single-version-externally-managed install_data
[1.048s] running egg_info
[1.049s] writing ../../build/control_robot/control_robot.egg-info/PKG-INFO
[1.052s] writing dependency_links to ../../build/control_robot/control_robot.egg-info/dependency_links.txt
[1.052s] writing entry points to ../../build/control_robot/control_robot.egg-info/entry_points.txt
[1.052s] writing requirements to ../../build/control_robot/control_robot.egg-info/requires.txt
[1.052s] writing top-level names to ../../build/control_robot/control_robot.egg-info/top_level.txt
[1.055s] reading manifest file '../../build/control_robot/control_robot.egg-info/SOURCES.txt'
[1.056s] adding license file 'LICENSE'
[1.058s] writing manifest file '../../build/control_robot/control_robot.egg-info/SOURCES.txt'
[1.058s] running build
[1.058s] running build_py
[1.059s] copying control_robot/robot.py -> /home/vboxuser/Desktop/robot/build/control_robot/build/lib/control_robot
[1.060s] running install
[1.060s] running install_lib
[1.066s] copying /home/vboxuser/Desktop/robot/build/control_robot/build/lib/control_robot/robot.py -> /home/vboxuser/Desktop/robot/install/control_robot/lib/python3.10/site-packages/control_robot
[1.066s] byte-compiling /home/vboxuser/Desktop/robot/install/control_robot/lib/python3.10/site-packages/control_robot/robot.py to robot.cpython-310.pyc
[1.066s] running install_data
[1.066s] running install_egg_info
[1.069s] removing '/home/vboxuser/Desktop/robot/install/control_robot/lib/python3.10/site-packages/control_robot-0.0.0-py3.10.egg-info' (and everything under it)
[1.070s] Copying ../../build/control_robot/control_robot.egg-info to /home/vboxuser/Desktop/robot/install/control_robot/lib/python3.10/site-packages/control_robot-0.0.0-py3.10.egg-info
[1.072s] running install_scripts
[1.117s] Installing a script to /home/vboxuser/Desktop/robot/install/control_robot/lib/control_robot
[1.117s] Installing robot script to /home/vboxuser/Desktop/robot/install/control_robot/lib/control_robot
[1.117s] writing list of installed files to '/home/vboxuser/Desktop/robot/build/control_robot/install.log'
[1.134s] Invoked command in '/home/vboxuser/Desktop/robot/src/control_robot' returned '0': PYTHONPATH=/home/vboxuser/Desktop/robot/build/control_robot/prefix_override:/usr/lib/python3/dist-packages/colcon_core/task/python/colcon_distutils_commands:/home/vboxuser/Desktop/robot/install/control_robot/lib/python3.10/site-packages:${PYTHONPATH} /usr/bin/python3 -W ignore:setup.py install is deprecated setup.py egg_info --egg-base ../../build/control_robot build --build-base /home/vboxuser/Desktop/robot/build/control_robot/build install --record /home/vboxuser/Desktop/robot/build/control_robot/install.log --single-version-externally-managed install_data
