[0.692s] Invoking command in '/home/vboxuser/Desktop/robot/src/control_robot': PYTHONPATH=/home/vboxuser/Desktop/robot/build/control_robot/prefix_override:/usr/lib/python3/dist-packages/colcon_core/task/python/colcon_distutils_commands:/home/vboxuser/Desktop/robot/install/control_robot/lib/python3.10/site-packages:${PYTHONPATH} /usr/bin/python3 -W ignore:setup.py install is deprecated setup.py egg_info --egg-base ../../build/control_robot build --build-base /home/vboxuser/Desktop/robot/build/control_robot/build install --record /home/vboxuser/Desktop/robot/build/control_robot/install.log --single-version-externally-managed install_data
[0.924s] running egg_info
[0.924s] writing ../../build/control_robot/control_robot.egg-info/PKG-INFO
[0.925s] writing dependency_links to ../../build/control_robot/control_robot.egg-info/dependency_links.txt
[0.925s] writing entry points to ../../build/control_robot/control_robot.egg-info/entry_points.txt
[0.925s] writing requirements to ../../build/control_robot/control_robot.egg-info/requires.txt
[0.929s] writing top-level names to ../../build/control_robot/control_robot.egg-info/top_level.txt
[0.929s] reading manifest file '../../build/control_robot/control_robot.egg-info/SOURCES.txt'
[0.929s] adding license file 'LICENSE'
[0.930s] writing manifest file '../../build/control_robot/control_robot.egg-info/SOURCES.txt'
[0.930s] running build
[0.930s] running build_py
[0.930s] copying control_robot/robot.py -> /home/vboxuser/Desktop/robot/build/control_robot/build/lib/control_robot
[0.930s] running install
[0.931s] running install_lib
[0.932s] copying /home/vboxuser/Desktop/robot/build/control_robot/build/lib/control_robot/robot.py -> /home/vboxuser/Desktop/robot/install/control_robot/lib/python3.10/site-packages/control_robot
[0.936s] byte-compiling /home/vboxuser/Desktop/robot/install/control_robot/lib/python3.10/site-packages/control_robot/robot.py to robot.cpython-310.pyc
[0.937s] running install_data
[0.937s] running install_egg_info
[0.943s] removing '/home/vboxuser/Desktop/robot/install/control_robot/lib/python3.10/site-packages/control_robot-0.0.0-py3.10.egg-info' (and everything under it)
[0.943s] Copying ../../build/control_robot/control_robot.egg-info to /home/vboxuser/Desktop/robot/install/control_robot/lib/python3.10/site-packages/control_robot-0.0.0-py3.10.egg-info
[0.956s] running install_scripts
[0.970s] Installing a script to /home/vboxuser/Desktop/robot/install/control_robot/lib/control_robot
[0.979s] Installing robot script to /home/vboxuser/Desktop/robot/install/control_robot/lib/control_robot
[0.980s] writing list of installed files to '/home/vboxuser/Desktop/robot/build/control_robot/install.log'
[1.008s] Invoked command in '/home/vboxuser/Desktop/robot/src/control_robot' returned '0': PYTHONPATH=/home/vboxuser/Desktop/robot/build/control_robot/prefix_override:/usr/lib/python3/dist-packages/colcon_core/task/python/colcon_distutils_commands:/home/vboxuser/Desktop/robot/install/control_robot/lib/python3.10/site-packages:${PYTHONPATH} /usr/bin/python3 -W ignore:setup.py install is deprecated setup.py egg_info --egg-base ../../build/control_robot build --build-base /home/vboxuser/Desktop/robot/build/control_robot/build install --record /home/vboxuser/Desktop/robot/build/control_robot/install.log --single-version-externally-managed install_data
