[0.626s] Invoking command in '/home/vboxuser/Desktop/robot/src/control_robot': PYTHONPATH=/home/vboxuser/Desktop/robot/build/control_robot/prefix_override:/usr/lib/python3/dist-packages/colcon_core/task/python/colcon_distutils_commands:/home/vboxuser/Desktop/robot/install/control_robot/lib/python3.10/site-packages:${PYTHONPATH} /usr/bin/python3 -W ignore:setup.py install is deprecated setup.py egg_info --egg-base ../../build/control_robot build --build-base /home/vboxuser/Desktop/robot/build/control_robot/build install --record /home/vboxuser/Desktop/robot/build/control_robot/install.log --single-version-externally-managed install_data
[0.800s] running egg_info
[0.800s] writing ../../build/control_robot/control_robot.egg-info/PKG-INFO
[0.801s] writing dependency_links to ../../build/control_robot/control_robot.egg-info/dependency_links.txt
[0.801s] writing entry points to ../../build/control_robot/control_robot.egg-info/entry_points.txt
[0.801s] writing requirements to ../../build/control_robot/control_robot.egg-info/requires.txt
[0.801s] writing top-level names to ../../build/control_robot/control_robot.egg-info/top_level.txt
[0.803s] reading manifest file '../../build/control_robot/control_robot.egg-info/SOURCES.txt'
[0.804s] adding license file 'LICENSE'
[0.805s] writing manifest file '../../build/control_robot/control_robot.egg-info/SOURCES.txt'
[0.805s] running build
[0.805s] running build_py
[0.805s] copying control_robot/robot.py -> /home/vboxuser/Desktop/robot/build/control_robot/build/lib/control_robot
[0.805s] running install
[0.806s] running install_lib
[0.807s] copying /home/vboxuser/Desktop/robot/build/control_robot/build/lib/control_robot/robot.py -> /home/vboxuser/Desktop/robot/install/control_robot/lib/python3.10/site-packages/control_robot
[0.807s] byte-compiling /home/vboxuser/Desktop/robot/install/control_robot/lib/python3.10/site-packages/control_robot/robot.py to robot.cpython-310.pyc
[0.809s] running install_data
[0.809s] copying package.xml -> /home/vboxuser/Desktop/robot/install/control_robot/share/control_robot
[0.809s] running install_egg_info
[0.809s] removing '/home/vboxuser/Desktop/robot/install/control_robot/lib/python3.10/site-packages/control_robot-0.0.0-py3.10.egg-info' (and everything under it)
[0.809s] Sorry: TabError: inconsistent use of tabs and spaces in indentation (robot.py, line 68)
[0.812s] Copying ../../build/control_robot/control_robot.egg-info to /home/vboxuser/Desktop/robot/install/control_robot/lib/python3.10/site-packages/control_robot-0.0.0-py3.10.egg-info
[0.812s] running install_scripts
[0.829s] Installing a script to /home/vboxuser/Desktop/robot/install/control_robot/lib/control_robot
[0.829s] Installing robot script to /home/vboxuser/Desktop/robot/install/control_robot/lib/control_robot
[0.829s] writing list of installed files to '/home/vboxuser/Desktop/robot/build/control_robot/install.log'
[0.849s] Invoked command in '/home/vboxuser/Desktop/robot/src/control_robot' returned '0': PYTHONPATH=/home/vboxuser/Desktop/robot/build/control_robot/prefix_override:/usr/lib/python3/dist-packages/colcon_core/task/python/colcon_distutils_commands:/home/vboxuser/Desktop/robot/install/control_robot/lib/python3.10/site-packages:${PYTHONPATH} /usr/bin/python3 -W ignore:setup.py install is deprecated setup.py egg_info --egg-base ../../build/control_robot build --build-base /home/vboxuser/Desktop/robot/build/control_robot/build install --record /home/vboxuser/Desktop/robot/build/control_robot/install.log --single-version-externally-managed install_data
