[0.251s] Invoking command in '/home/vboxuser/Desktop/robot/build/two_wheeled_robot': CMAKE_PREFIX_PATH=/opt/ros/humble /usr/bin/cmake --build /home/vboxuser/Desktop/robot/build/two_wheeled_robot -- -j5 -l5
[0.378s] Invoked command in '/home/vboxuser/Desktop/robot/build/two_wheeled_robot' returned '0': CMAKE_PREFIX_PATH=/opt/ros/humble /usr/bin/cmake --build /home/vboxuser/Desktop/robot/build/two_wheeled_robot -- -j5 -l5
[0.431s] Invoking command in '/home/vboxuser/Desktop/robot/build/two_wheeled_robot': CMAKE_PREFIX_PATH=/opt/ros/humble /usr/bin/cmake --install /home/vboxuser/Desktop/robot/build/two_wheeled_robot
[0.438s] -- Install configuration: ""
[0.440s] -- Up-to-date: /home/vboxuser/Desktop/robot/install/two_wheeled_robot/share/two_wheeled_robot/config
[0.441s] -- Up-to-date: /home/vboxuser/Desktop/robot/install/two_wheeled_robot/share/two_wheeled_robot/launch
[0.442s] -- Up-to-date: /home/vboxuser/Desktop/robot/install/two_wheeled_robot/share/two_wheeled_robot/launch/two_wheeled_robot.launch.py
[0.442s] -- Up-to-date: /home/vboxuser/Desktop/robot/install/two_wheeled_robot/share/two_wheeled_robot/maps
[0.442s] -- Up-to-date: /home/vboxuser/Desktop/robot/install/two_wheeled_robot/share/two_wheeled_robot/meshes
[0.443s] -- Up-to-date: /home/vboxuser/Desktop/robot/install/two_wheeled_robot/share/two_wheeled_robot/meshes/car2.stl
[0.443s] -- Up-to-date: /home/vboxuser/Desktop/robot/install/two_wheeled_robot/share/two_wheeled_robot/meshes/robot_base.stl
[0.443s] -- Up-to-date: /home/vboxuser/Desktop/robot/install/two_wheeled_robot/share/two_wheeled_robot/models
[0.444s] -- Up-to-date: /home/vboxuser/Desktop/robot/install/two_wheeled_robot/share/two_wheeled_robot/params
[0.445s] -- Up-to-date: /home/vboxuser/Desktop/robot/install/two_wheeled_robot/share/two_wheeled_robot/rviz
[0.446s] -- Up-to-date: /home/vboxuser/Desktop/robot/install/two_wheeled_robot/share/two_wheeled_robot/rviz/rviz_basic_settings.rviz
[0.446s] -- Up-to-date: /home/vboxuser/Desktop/robot/install/two_wheeled_robot/share/two_wheeled_robot/src
[0.446s] -- Up-to-date: /home/vboxuser/Desktop/robot/install/two_wheeled_robot/share/two_wheeled_robot/urdf
[0.447s] -- Up-to-date: /home/vboxuser/Desktop/robot/install/two_wheeled_robot/share/two_wheeled_robot/urdf/two_wheeled_robot.urdf
[0.447s] -- Up-to-date: /home/vboxuser/Desktop/robot/install/two_wheeled_robot/share/two_wheeled_robot/worlds
[0.448s] -- Up-to-date: /home/vboxuser/Desktop/robot/install/two_wheeled_robot/share/two_wheeled_robot/worlds/My
[0.449s] -- Up-to-date: /home/vboxuser/Desktop/robot/install/two_wheeled_robot/share/two_wheeled_robot/worlds/My/meshes
[0.450s] -- Up-to-date: /home/vboxuser/Desktop/robot/install/two_wheeled_robot/share/two_wheeled_robot/worlds/My/meshes/map.stl
[0.450s] -- Up-to-date: /home/vboxuser/Desktop/robot/install/two_wheeled_robot/share/two_wheeled_robot/worlds/My/meshes/map.dae
[0.450s] -- Up-to-date: /home/vboxuser/Desktop/robot/install/two_wheeled_robot/share/two_wheeled_robot/worlds/My/materials
[0.451s] -- Up-to-date: /home/vboxuser/Desktop/robot/install/two_wheeled_robot/share/two_wheeled_robot/worlds/My/materials/textures
[0.452s] -- Up-to-date: /home/vboxuser/Desktop/robot/install/two_wheeled_robot/share/two_wheeled_robot/worlds/My/materials/textures/g.png
[0.452s] -- Up-to-date: /home/vboxuser/Desktop/robot/install/two_wheeled_robot/share/two_wheeled_robot/worlds/My/model.config
[0.452s] -- Up-to-date: /home/vboxuser/Desktop/robot/install/two_wheeled_robot/share/two_wheeled_robot/worlds/My/model.world
[0.452s] -- Up-to-date: /home/vboxuser/Desktop/robot/install/two_wheeled_robot/share/two_wheeled_robot/worlds/new
[0.454s] -- Up-to-date: /home/vboxuser/Desktop/robot/install/two_wheeled_robot/share/ament_index/resource_index/package_run_dependencies/two_wheeled_robot
[0.454s] -- Up-to-date: /home/vboxuser/Desktop/robot/install/two_wheeled_robot/share/ament_index/resource_index/parent_prefix_path/two_wheeled_robot
[0.455s] -- Up-to-date: /home/vboxuser/Desktop/robot/install/two_wheeled_robot/share/two_wheeled_robot/environment/ament_prefix_path.sh
[0.455s] -- Up-to-date: /home/vboxuser/Desktop/robot/install/two_wheeled_robot/share/two_wheeled_robot/environment/ament_prefix_path.dsv
[0.455s] -- Up-to-date: /home/vboxuser/Desktop/robot/install/two_wheeled_robot/share/two_wheeled_robot/environment/path.sh
[0.455s] -- Up-to-date: /home/vboxuser/Desktop/robot/install/two_wheeled_robot/share/two_wheeled_robot/environment/path.dsv
[0.456s] -- Up-to-date: /home/vboxuser/Desktop/robot/install/two_wheeled_robot/share/two_wheeled_robot/local_setup.bash
[0.456s] -- Up-to-date: /home/vboxuser/Desktop/robot/install/two_wheeled_robot/share/two_wheeled_robot/local_setup.sh
[0.456s] -- Up-to-date: /home/vboxuser/Desktop/robot/install/two_wheeled_robot/share/two_wheeled_robot/local_setup.zsh
[0.456s] -- Up-to-date: /home/vboxuser/Desktop/robot/install/two_wheeled_robot/share/two_wheeled_robot/local_setup.dsv
[0.456s] -- Installing: /home/vboxuser/Desktop/robot/install/two_wheeled_robot/share/two_wheeled_robot/package.dsv
[0.457s] -- Up-to-date: /home/vboxuser/Desktop/robot/install/two_wheeled_robot/share/ament_index/resource_index/packages/two_wheeled_robot
[0.458s] -- Up-to-date: /home/vboxuser/Desktop/robot/install/two_wheeled_robot/share/two_wheeled_robot/cmake/two_wheeled_robotConfig.cmake
[0.458s] -- Up-to-date: /home/vboxuser/Desktop/robot/install/two_wheeled_robot/share/two_wheeled_robot/cmake/two_wheeled_robotConfig-version.cmake
[0.459s] -- Up-to-date: /home/vboxuser/Desktop/robot/install/two_wheeled_robot/share/two_wheeled_robot/package.xml
[0.460s] Invoked command in '/home/vboxuser/Desktop/robot/build/two_wheeled_robot' returned '0': CMAKE_PREFIX_PATH=/opt/ros/humble /usr/bin/cmake --install /home/vboxuser/Desktop/robot/build/two_wheeled_robot
