[0.510s] Invoking command in '/home/vboxuser/Desktop/robot/src/control_robot': PYTHONPATH=/home/vboxuser/Desktop/robot/build/control_robot/prefix_override:/usr/lib/python3/dist-packages/colcon_core/task/python/colcon_distutils_commands:/home/vboxuser/Desktop/robot/install/control_robot/lib/python3.10/site-packages:${PYTHONPATH} /usr/bin/python3 -W ignore:setup.py install is deprecated setup.py egg_info --egg-base ../../build/control_robot build --build-base /home/vboxuser/Desktop/robot/build/control_robot/build install --record /home/vboxuser/Desktop/robot/build/control_robot/install.log --single-version-externally-managed install_data
[0.671s] running egg_info
[0.671s] writing ../../build/control_robot/control_robot.egg-info/PKG-INFO
[0.671s] writing dependency_links to ../../build/control_robot/control_robot.egg-info/dependency_links.txt
[0.671s] writing entry points to ../../build/control_robot/control_robot.egg-info/entry_points.txt
[0.672s] writing requirements to ../../build/control_robot/control_robot.egg-info/requires.txt
[0.672s] writing top-level names to ../../build/control_robot/control_robot.egg-info/top_level.txt
[0.673s] reading manifest file '../../build/control_robot/control_robot.egg-info/SOURCES.txt'
[0.674s] adding license file 'LICENSE'
[0.674s] writing manifest file '../../build/control_robot/control_robot.egg-info/SOURCES.txt'
[0.675s] running build
[0.675s] running build_py
[0.675s] copying control_robot/a.py -> /home/vboxuser/Desktop/robot/build/control_robot/build/lib/control_robot
[0.676s] running install
[0.676s] running install_lib
[0.677s] copying /home/vboxuser/Desktop/robot/build/control_robot/build/lib/control_robot/a.py -> /home/vboxuser/Desktop/robot/install/control_robot/lib/python3.10/site-packages/control_robot
[0.677s] byte-compiling /home/vboxuser/Desktop/robot/install/control_robot/lib/python3.10/site-packages/control_robot/a.py to a.cpython-310.pyc
[0.686s] running install_data
[0.686s] running install_egg_info
[0.688s] removing '/home/vboxuser/Desktop/robot/install/control_robot/lib/python3.10/site-packages/control_robot-0.0.0-py3.10.egg-info' (and everything under it)
[0.688s] Copying ../../build/control_robot/control_robot.egg-info to /home/vboxuser/Desktop/robot/install/control_robot/lib/python3.10/site-packages/control_robot-0.0.0-py3.10.egg-info
[0.689s] running install_scripts
[0.704s] Installing a script to /home/vboxuser/Desktop/robot/install/control_robot/lib/control_robot
[0.704s] Installing robot script to /home/vboxuser/Desktop/robot/install/control_robot/lib/control_robot
[0.705s] writing list of installed files to '/home/vboxuser/Desktop/robot/build/control_robot/install.log'
[0.724s] Invoked command in '/home/vboxuser/Desktop/robot/src/control_robot' returned '0': PYTHONPATH=/home/vboxuser/Desktop/robot/build/control_robot/prefix_override:/usr/lib/python3/dist-packages/colcon_core/task/python/colcon_distutils_commands:/home/vboxuser/Desktop/robot/install/control_robot/lib/python3.10/site-packages:${PYTHONPATH} /usr/bin/python3 -W ignore:setup.py install is deprecated setup.py egg_info --egg-base ../../build/control_robot build --build-base /home/vboxuser/Desktop/robot/build/control_robot/build install --record /home/vboxuser/Desktop/robot/build/control_robot/install.log --single-version-externally-managed install_data
