[2.435s] Invoking command in '/home/vboxuser/Desktop/robot/src/control_robot': PYTHONPATH=/home/vboxuser/Desktop/robot/build/control_robot/prefix_override:/usr/lib/python3/dist-packages/colcon_core/task/python/colcon_distutils_commands:/home/vboxuser/Desktop/robot/install/control_robot/lib/python3.10/site-packages:${PYTHONPATH} /usr/bin/python3 -W ignore:setup.py install is deprecated setup.py egg_info --egg-base ../../build/control_robot build --build-base /home/vboxuser/Desktop/robot/build/control_robot/build install --record /home/vboxuser/Desktop/robot/build/control_robot/install.log --single-version-externally-managed install_data
[2.923s] running egg_info
[2.944s] writing ../../build/control_robot/control_robot.egg-info/PKG-INFO
[2.945s] writing dependency_links to ../../build/control_robot/control_robot.egg-info/dependency_links.txt
[2.963s] writing entry points to ../../build/control_robot/control_robot.egg-info/entry_points.txt
[2.963s] writing requirements to ../../build/control_robot/control_robot.egg-info/requires.txt
[2.979s] writing top-level names to ../../build/control_robot/control_robot.egg-info/top_level.txt
[2.979s] reading manifest file '../../build/control_robot/control_robot.egg-info/SOURCES.txt'
[3.005s] adding license file 'LICENSE'
[3.006s] writing manifest file '../../build/control_robot/control_robot.egg-info/SOURCES.txt'
[3.029s] running build
[3.030s] running build_py
[3.030s] copying control_robot/robot.py -> /home/vboxuser/Desktop/robot/build/control_robot/build/lib/control_robot
[3.036s] running install
[3.036s] running install_lib
[3.036s] copying /home/vboxuser/Desktop/robot/build/control_robot/build/lib/control_robot/robot.py -> /home/vboxuser/Desktop/robot/install/control_robot/lib/python3.10/site-packages/control_robot
[3.042s] byte-compiling /home/vboxuser/Desktop/robot/install/control_robot/lib/python3.10/site-packages/control_robot/robot.py to robot.cpython-310.pyc
[3.043s] running install_data
[3.043s] running install_egg_info
[3.068s] removing '/home/vboxuser/Desktop/robot/install/control_robot/lib/python3.10/site-packages/control_robot-0.0.0-py3.10.egg-info' (and everything under it)
[3.068s] Copying ../../build/control_robot/control_robot.egg-info to /home/vboxuser/Desktop/robot/install/control_robot/lib/python3.10/site-packages/control_robot-0.0.0-py3.10.egg-info
[3.070s] running install_scripts
[3.130s] Installing robot script to /home/vboxuser/Desktop/robot/install/control_robot/lib/control_robot
[3.151s] writing list of installed files to '/home/vboxuser/Desktop/robot/build/control_robot/install.log'
[3.264s] Invoked command in '/home/vboxuser/Desktop/robot/src/control_robot' returned '0': PYTHONPATH=/home/vboxuser/Desktop/robot/build/control_robot/prefix_override:/usr/lib/python3/dist-packages/colcon_core/task/python/colcon_distutils_commands:/home/vboxuser/Desktop/robot/install/control_robot/lib/python3.10/site-packages:${PYTHONPATH} /usr/bin/python3 -W ignore:setup.py install is deprecated setup.py egg_info --egg-base ../../build/control_robot build --build-base /home/vboxuser/Desktop/robot/build/control_robot/build install --record /home/vboxuser/Desktop/robot/build/control_robot/install.log --single-version-externally-managed install_data
