-- Install configuration: ""
-- Up-to-date: /home/vboxuser/Desktop/robot/install/two_wheeled_robot/share/two_wheeled_robot/config
-- Up-to-date: /home/vboxuser/Desktop/robot/install/two_wheeled_robot/share/two_wheeled_robot/launch
-- Up-to-date: /home/vboxuser/Desktop/robot/install/two_wheeled_robot/share/two_wheeled_robot/launch/two_wheeled_robot.launch.py
-- Up-to-date: /home/vboxuser/Desktop/robot/install/two_wheeled_robot/share/two_wheeled_robot/maps
-- Up-to-date: /home/vboxuser/Desktop/robot/install/two_wheeled_robot/share/two_wheeled_robot/meshes
-- Up-to-date: /home/vboxuser/Desktop/robot/install/two_wheeled_robot/share/two_wheeled_robot/meshes/car2.stl
-- Up-to-date: /home/vboxuser/Desktop/robot/install/two_wheeled_robot/share/two_wheeled_robot/models
-- Up-to-date: /home/vboxuser/Desktop/robot/install/two_wheeled_robot/share/two_wheeled_robot/params
-- Up-to-date: /home/vboxuser/Desktop/robot/install/two_wheeled_robot/share/two_wheeled_robot/rviz
-- Up-to-date: /home/vboxuser/Desktop/robot/install/two_wheeled_robot/share/two_wheeled_robot/rviz/rviz_basic_settings.rviz
-- Up-to-date: /home/vboxuser/Desktop/robot/install/two_wheeled_robot/share/two_wheeled_robot/src
-- Up-to-date: /home/vboxuser/Desktop/robot/install/two_wheeled_robot/share/two_wheeled_robot/urdf
-- Up-to-date: /home/vboxuser/Desktop/robot/install/two_wheeled_robot/share/two_wheeled_robot/urdf/two_wheeled_robot.urdf
-- Up-to-date: /home/vboxuser/Desktop/robot/install/two_wheeled_robot/share/two_wheeled_robot/worlds
-- Up-to-date: /home/vboxuser/Desktop/robot/install/two_wheeled_robot/share/two_wheeled_robot/worlds/My
-- Up-to-date: /home/vboxuser/Desktop/robot/install/two_wheeled_robot/share/two_wheeled_robot/worlds/My/model.sdf
-- Up-to-date: /home/vboxuser/Desktop/robot/install/two_wheeled_robot/share/two_wheeled_robot/worlds/My/meshes
-- Up-to-date: /home/vboxuser/Desktop/robot/install/two_wheeled_robot/share/two_wheeled_robot/worlds/My/meshes/map.stl
-- Up-to-date: /home/vboxuser/Desktop/robot/install/two_wheeled_robot/share/two_wheeled_robot/worlds/My/meshes/map.dae
-- Up-to-date: /home/vboxuser/Desktop/robot/install/two_wheeled_robot/share/two_wheeled_robot/worlds/My/materials
-- Up-to-date: /home/vboxuser/Desktop/robot/install/two_wheeled_robot/share/two_wheeled_robot/worlds/My/materials/textures
-- Up-to-date: /home/vboxuser/Desktop/robot/install/two_wheeled_robot/share/two_wheeled_robot/worlds/My/materials/textures/g.png
-- Up-to-date: /home/vboxuser/Desktop/robot/install/two_wheeled_robot/share/two_wheeled_robot/worlds/My/model.config
-- Up-to-date: /home/vboxuser/Desktop/robot/install/two_wheeled_robot/share/ament_index/resource_index/package_run_dependencies/two_wheeled_robot
-- Up-to-date: /home/vboxuser/Desktop/robot/install/two_wheeled_robot/share/ament_index/resource_index/parent_prefix_path/two_wheeled_robot
-- Up-to-date: /home/vboxuser/Desktop/robot/install/two_wheeled_robot/share/two_wheeled_robot/environment/ament_prefix_path.sh
-- Up-to-date: /home/vboxuser/Desktop/robot/install/two_wheeled_robot/share/two_wheeled_robot/environment/ament_prefix_path.dsv
-- Up-to-date: /home/vboxuser/Desktop/robot/install/two_wheeled_robot/share/two_wheeled_robot/environment/path.sh
-- Up-to-date: /home/vboxuser/Desktop/robot/install/two_wheeled_robot/share/two_wheeled_robot/environment/path.dsv
-- Up-to-date: /home/vboxuser/Desktop/robot/install/two_wheeled_robot/share/two_wheeled_robot/local_setup.bash
-- Up-to-date: /home/vboxuser/Desktop/robot/install/two_wheeled_robot/share/two_wheeled_robot/local_setup.sh
-- Up-to-date: /home/vboxuser/Desktop/robot/install/two_wheeled_robot/share/two_wheeled_robot/local_setup.zsh
-- Up-to-date: /home/vboxuser/Desktop/robot/install/two_wheeled_robot/share/two_wheeled_robot/local_setup.dsv
-- Installing: /home/vboxuser/Desktop/robot/install/two_wheeled_robot/share/two_wheeled_robot/package.dsv
-- Up-to-date: /home/vboxuser/Desktop/robot/install/two_wheeled_robot/share/ament_index/resource_index/packages/two_wheeled_robot
-- Up-to-date: /home/vboxuser/Desktop/robot/install/two_wheeled_robot/share/two_wheeled_robot/cmake/two_wheeled_robotConfig.cmake
-- Up-to-date: /home/vboxuser/Desktop/robot/install/two_wheeled_robot/share/two_wheeled_robot/cmake/two_wheeled_robotConfig-version.cmake
-- Up-to-date: /home/vboxuser/Desktop/robot/install/two_wheeled_robot/share/two_wheeled_robot/package.xml
